{"C:\\Users\\chues\\OOP\\SVG-Animation-Library\\src\\animations.ts": {"path":"C:\\Users\\chues\\OOP\\SVG-Animation-Library\\src\\animations.ts","statementMap":{"0":{"start":{"line":1,"column":0},"end":{"line":1,"column":49}},"1":{"start":{"line":4,"column":42},"end":{"line":4,"column":44}},"2":{"start":{"line":8,"column":20},"end":{"line":13,"column":null}},"3":{"start":{"line":16,"column":4},"end":{"line":25,"column":null}},"4":{"start":{"line":17,"column":6},"end":{"line":17,"column":85}},"5":{"start":{"line":17,"column":54},"end":{"line":17,"column":73}},"6":{"start":{"line":18,"column":6},"end":{"line":18,"column":77}},"7":{"start":{"line":18,"column":56},"end":{"line":18,"column":65}},"8":{"start":{"line":20,"column":6},"end":{"line":22,"column":null}},"9":{"start":{"line":21,"column":8},"end":{"line":21,"column":111}},"10":{"start":{"line":23,"column":6},"end":{"line":23,"column":48}},"11":{"start":{"line":24,"column":6},"end":{"line":24,"column":44}},"12":{"start":{"line":27,"column":4},"end":{"line":27,"column":33}},"13":{"start":{"line":6,"column":0},"end":{"line":6,"column":13}},"14":{"start":{"line":33,"column":20},"end":{"line":39,"column":null}},"15":{"start":{"line":42,"column":4},"end":{"line":51,"column":null}},"16":{"start":{"line":43,"column":6},"end":{"line":43,"column":85}},"17":{"start":{"line":43,"column":54},"end":{"line":43,"column":73}},"18":{"start":{"line":44,"column":6},"end":{"line":44,"column":77}},"19":{"start":{"line":44,"column":56},"end":{"line":44,"column":65}},"20":{"start":{"line":46,"column":6},"end":{"line":48,"column":null}},"21":{"start":{"line":47,"column":8},"end":{"line":47,"column":120}},"22":{"start":{"line":49,"column":6},"end":{"line":49,"column":103}},"23":{"start":{"line":50,"column":6},"end":{"line":50,"column":95}},"24":{"start":{"line":53,"column":4},"end":{"line":53,"column":42}},"25":{"start":{"line":31,"column":0},"end":{"line":31,"column":13}},"26":{"start":{"line":59,"column":4},"end":{"line":61,"column":null}},"27":{"start":{"line":60,"column":6},"end":{"line":60,"column":70}},"28":{"start":{"line":63,"column":4},"end":{"line":70,"column":7}},"29":{"start":{"line":72,"column":18},"end":{"line":72,"column":96}},"30":{"start":{"line":73,"column":4},"end":{"line":73,"column":20}},"31":{"start":{"line":57,"column":0},"end":{"line":57,"column":13}},"32":{"start":{"line":79,"column":20},"end":{"line":85,"column":null}},"33":{"start":{"line":88,"column":4},"end":{"line":90,"column":null}},"34":{"start":{"line":89,"column":6},"end":{"line":89,"column":87}},"35":{"start":{"line":91,"column":4},"end":{"line":91,"column":46}},"36":{"start":{"line":92,"column":4},"end":{"line":92,"column":42}},"37":{"start":{"line":94,"column":4},"end":{"line":94,"column":33}},"38":{"start":{"line":77,"column":0},"end":{"line":77,"column":13}},"39":{"start":{"line":99,"column":2},"end":{"line":99,"column":32}},"40":{"start":{"line":99,"column":15},"end":{"line":99,"column":32}},"41":{"start":{"line":100,"column":2},"end":{"line":112,"column":null}},"42":{"start":{"line":102,"column":6},"end":{"line":102,"column":26}},"43":{"start":{"line":104,"column":6},"end":{"line":104,"column":26}},"44":{"start":{"line":106,"column":6},"end":{"line":106,"column":29}},"45":{"start":{"line":108,"column":6},"end":{"line":108,"column":31}},"46":{"start":{"line":111,"column":6},"end":{"line":111,"column":23}},"47":{"start":{"line":117,"column":2},"end":{"line":140,"column":null}},"48":{"start":{"line":118,"column":4},"end":{"line":118,"column":37}},"49":{"start":{"line":119,"column":4},"end":{"line":119,"column":32}},"50":{"start":{"line":120,"column":4},"end":{"line":120,"column":30}},"51":{"start":{"line":122,"column":4},"end":{"line":139,"column":null}},"52":{"start":{"line":123,"column":6},"end":{"line":123,"column":74}},"53":{"start":{"line":124,"column":11},"end":{"line":139,"column":null}},"54":{"start":{"line":125,"column":6},"end":{"line":125,"column":76}},"55":{"start":{"line":127,"column":22},"end":{"line":127,"column":48}},"56":{"start":{"line":128,"column":6},"end":{"line":138,"column":null}},"57":{"start":{"line":129,"column":8},"end":{"line":129,"column":47}},"58":{"start":{"line":131,"column":8},"end":{"line":133,"column":null}},"59":{"start":{"line":132,"column":10},"end":{"line":132,"column":80}},"60":{"start":{"line":134,"column":8},"end":{"line":136,"column":null}},"61":{"start":{"line":135,"column":10},"end":{"line":135,"column":73}},"62":{"start":{"line":137,"column":8},"end":{"line":137,"column":41}},"63":{"start":{"line":141,"column":2},"end":{"line":141,"column":19}},"64":{"start":{"line":115,"column":0},"end":{"line":115,"column":16}},"65":{"start":{"line":145,"column":2},"end":{"line":145,"column":25}},"66":{"start":{"line":146,"column":2},"end":{"line":146,"column":23}},"67":{"start":{"line":147,"column":2},"end":{"line":147,"column":27}},"68":{"start":{"line":144,"column":0},"end":{"line":144,"column":16}}},"fnMap":{"0":{"name":"(anonymous_0)","decl":{"start":{"line":7,"column":2},"end":{"line":7,"column":14}},"loc":{"start":{"line":7,"column":39},"end":{"line":28,"column":3}}},"1":{"name":"(anonymous_1)","decl":{"start":{"line":17,"column":48},"end":{"line":17,"column":50}},"loc":{"start":{"line":17,"column":54},"end":{"line":17,"column":73}}},"2":{"name":"(anonymous_2)","decl":{"start":{"line":18,"column":50},"end":{"line":18,"column":52}},"loc":{"start":{"line":18,"column":56},"end":{"line":18,"column":65}}},"3":{"name":"(anonymous_3)","decl":{"start":{"line":32,"column":2},"end":{"line":32,"column":14}},"loc":{"start":{"line":32,"column":48},"end":{"line":54,"column":3}}},"4":{"name":"(anonymous_4)","decl":{"start":{"line":43,"column":48},"end":{"line":43,"column":50}},"loc":{"start":{"line":43,"column":54},"end":{"line":43,"column":73}}},"5":{"name":"(anonymous_5)","decl":{"start":{"line":44,"column":50},"end":{"line":44,"column":52}},"loc":{"start":{"line":44,"column":56},"end":{"line":44,"column":65}}},"6":{"name":"(anonymous_6)","decl":{"start":{"line":58,"column":2},"end":{"line":58,"column":14}},"loc":{"start":{"line":58,"column":39},"end":{"line":74,"column":3}}},"7":{"name":"(anonymous_7)","decl":{"start":{"line":78,"column":2},"end":{"line":78,"column":14}},"loc":{"start":{"line":78,"column":47},"end":{"line":95,"column":3}}},"8":{"name":"getKeySplines","decl":{"start":{"line":98,"column":9},"end":{"line":98,"column":22}},"loc":{"start":{"line":98,"column":49},"end":{"line":113,"column":1}}},"9":{"name":"createAnimation","decl":{"start":{"line":115,"column":16},"end":{"line":115,"column":31}},"loc":{"start":{"line":115,"column":55},"end":{"line":142,"column":1}}},"10":{"name":"releaseAnimation","decl":{"start":{"line":144,"column":16},"end":{"line":144,"column":32}},"loc":{"start":{"line":144,"column":55},"end":{"line":148,"column":1}}}},"branchMap":{"0":{"loc":{"start":{"line":11,"column":19},"end":{"line":11,"column":54}},"type":"binary-expr","locations":[{"start":{"line":11,"column":19},"end":{"line":11,"column":38}},{"start":{"line":11,"column":42},"end":{"line":11,"column":54}}]},"1":{"loc":{"start":{"line":12,"column":10},"end":{"line":12,"column":51}},"type":"binary-expr","locations":[{"start":{"line":12,"column":10},"end":{"line":12,"column":23}},{"start":{"line":12,"column":27},"end":{"line":12,"column":51}}]},"2":{"loc":{"start":{"line":13,"column":10},"end":{"line":13,"column":93}},"type":"binary-expr","locations":[{"start":{"line":13,"column":10},"end":{"line":13,"column":24}},{"start":{"line":13,"column":28},"end":{"line":13,"column":93}}]},"3":{"loc":{"start":{"line":16,"column":4},"end":{"line":25,"column":null}},"type":"if","locations":[{"start":{"line":16,"column":4},"end":{"line":25,"column":null}},{"start":{"line":19,"column":11},"end":{"line":25,"column":null}}]},"4":{"loc":{"start":{"line":16,"column":8},"end":{"line":16,"column":57}},"type":"binary-expr","locations":[{"start":{"line":16,"column":8},"end":{"line":16,"column":25}},{"start":{"line":16,"column":29},"end":{"line":16,"column":57}}]},"5":{"loc":{"start":{"line":20,"column":6},"end":{"line":22,"column":null}},"type":"if","locations":[{"start":{"line":20,"column":6},"end":{"line":22,"column":null}}]},"6":{"loc":{"start":{"line":20,"column":10},"end":{"line":20,"column":64}},"type":"binary-expr","locations":[{"start":{"line":20,"column":10},"end":{"line":20,"column":36}},{"start":{"line":20,"column":40},"end":{"line":20,"column":64}}]},"7":{"loc":{"start":{"line":36,"column":11},"end":{"line":36,"column":30}},"type":"binary-expr","locations":[{"start":{"line":36,"column":11},"end":{"line":36,"column":22}},{"start":{"line":36,"column":26},"end":{"line":36,"column":30}}]},"8":{"loc":{"start":{"line":37,"column":19},"end":{"line":37,"column":54}},"type":"binary-expr","locations":[{"start":{"line":37,"column":19},"end":{"line":37,"column":38}},{"start":{"line":37,"column":42},"end":{"line":37,"column":54}}]},"9":{"loc":{"start":{"line":38,"column":10},"end":{"line":38,"column":51}},"type":"binary-expr","locations":[{"start":{"line":38,"column":10},"end":{"line":38,"column":23}},{"start":{"line":38,"column":27},"end":{"line":38,"column":51}}]},"10":{"loc":{"start":{"line":39,"column":10},"end":{"line":39,"column":93}},"type":"binary-expr","locations":[{"start":{"line":39,"column":10},"end":{"line":39,"column":24}},{"start":{"line":39,"column":28},"end":{"line":39,"column":93}}]},"11":{"loc":{"start":{"line":42,"column":4},"end":{"line":51,"column":null}},"type":"if","locations":[{"start":{"line":42,"column":4},"end":{"line":51,"column":null}},{"start":{"line":45,"column":11},"end":{"line":51,"column":null}}]},"12":{"loc":{"start":{"line":42,"column":8},"end":{"line":42,"column":57}},"type":"binary-expr","locations":[{"start":{"line":42,"column":8},"end":{"line":42,"column":25}},{"start":{"line":42,"column":29},"end":{"line":42,"column":57}}]},"13":{"loc":{"start":{"line":46,"column":6},"end":{"line":48,"column":null}},"type":"if","locations":[{"start":{"line":46,"column":6},"end":{"line":48,"column":null}}]},"14":{"loc":{"start":{"line":46,"column":10},"end":{"line":46,"column":64}},"type":"binary-expr","locations":[{"start":{"line":46,"column":10},"end":{"line":46,"column":36}},{"start":{"line":46,"column":40},"end":{"line":46,"column":64}}]},"15":{"loc":{"start":{"line":49,"column":24},"end":{"line":49,"column":102}},"type":"cond-expr","locations":[{"start":{"line":49,"column":54},"end":{"line":49,"column":76}},{"start":{"line":49,"column":79},"end":{"line":49,"column":102}}]},"16":{"loc":{"start":{"line":50,"column":22},"end":{"line":50,"column":94}},"type":"cond-expr","locations":[{"start":{"line":50,"column":50},"end":{"line":50,"column":70}},{"start":{"line":50,"column":73},"end":{"line":50,"column":94}}]},"17":{"loc":{"start":{"line":59,"column":4},"end":{"line":61,"column":null}},"type":"if","locations":[{"start":{"line":59,"column":4},"end":{"line":61,"column":null}}]},"18":{"loc":{"start":{"line":65,"column":19},"end":{"line":65,"column":54}},"type":"binary-expr","locations":[{"start":{"line":65,"column":19},"end":{"line":65,"column":38}},{"start":{"line":65,"column":42},"end":{"line":65,"column":54}}]},"19":{"loc":{"start":{"line":66,"column":10},"end":{"line":66,"column":51}},"type":"binary-expr","locations":[{"start":{"line":66,"column":10},"end":{"line":66,"column":23}},{"start":{"line":66,"column":27},"end":{"line":66,"column":51}}]},"20":{"loc":{"start":{"line":67,"column":10},"end":{"line":67,"column":93}},"type":"binary-expr","locations":[{"start":{"line":67,"column":10},"end":{"line":67,"column":24}},{"start":{"line":67,"column":28},"end":{"line":67,"column":93}}]},"21":{"loc":{"start":{"line":68,"column":10},"end":{"line":68,"column":87}},"type":"binary-expr","locations":[{"start":{"line":68,"column":10},"end":{"line":68,"column":35}},{"start":{"line":68,"column":39},"end":{"line":68,"column":87}}]},"22":{"loc":{"start":{"line":69,"column":10},"end":{"line":69,"column":134}},"type":"binary-expr","locations":[{"start":{"line":69,"column":10},"end":{"line":69,"column":48}},{"start":{"line":69,"column":52},"end":{"line":69,"column":134}}]},"23":{"loc":{"start":{"line":69,"column":93},"end":{"line":69,"column":132}},"type":"cond-expr","locations":[{"start":{"line":69,"column":120},"end":{"line":69,"column":126}},{"start":{"line":69,"column":129},"end":{"line":69,"column":132}}]},"24":{"loc":{"start":{"line":83,"column":19},"end":{"line":83,"column":54}},"type":"binary-expr","locations":[{"start":{"line":83,"column":19},"end":{"line":83,"column":38}},{"start":{"line":83,"column":42},"end":{"line":83,"column":54}}]},"25":{"loc":{"start":{"line":84,"column":10},"end":{"line":84,"column":51}},"type":"binary-expr","locations":[{"start":{"line":84,"column":10},"end":{"line":84,"column":23}},{"start":{"line":84,"column":27},"end":{"line":84,"column":51}}]},"26":{"loc":{"start":{"line":85,"column":10},"end":{"line":85,"column":93}},"type":"binary-expr","locations":[{"start":{"line":85,"column":10},"end":{"line":85,"column":24}},{"start":{"line":85,"column":28},"end":{"line":85,"column":93}}]},"27":{"loc":{"start":{"line":88,"column":4},"end":{"line":90,"column":null}},"type":"if","locations":[{"start":{"line":88,"column":4},"end":{"line":90,"column":null}}]},"28":{"loc":{"start":{"line":88,"column":8},"end":{"line":88,"column":62}},"type":"binary-expr","locations":[{"start":{"line":88,"column":8},"end":{"line":88,"column":34}},{"start":{"line":88,"column":38},"end":{"line":88,"column":62}}]},"29":{"loc":{"start":{"line":99,"column":2},"end":{"line":99,"column":32}},"type":"if","locations":[{"start":{"line":99,"column":2},"end":{"line":99,"column":32}}]},"30":{"loc":{"start":{"line":100,"column":2},"end":{"line":112,"column":null}},"type":"switch","locations":[{"start":{"line":101,"column":4},"end":{"line":102,"column":26}},{"start":{"line":103,"column":4},"end":{"line":104,"column":26}},{"start":{"line":105,"column":4},"end":{"line":106,"column":29}},{"start":{"line":107,"column":4},"end":{"line":108,"column":31}},{"start":{"line":109,"column":4},"end":{"line":109,"column":18}},{"start":{"line":110,"column":4},"end":{"line":111,"column":23}}]},"31":{"loc":{"start":{"line":117,"column":2},"end":{"line":140,"column":null}},"type":"if","locations":[{"start":{"line":117,"column":2},"end":{"line":140,"column":null}},{"start":{"line":121,"column":9},"end":{"line":140,"column":null}}]},"32":{"loc":{"start":{"line":122,"column":4},"end":{"line":139,"column":null}},"type":"if","locations":[{"start":{"line":122,"column":4},"end":{"line":139,"column":null}},{"start":{"line":124,"column":11},"end":{"line":139,"column":null}}]},"33":{"loc":{"start":{"line":124,"column":11},"end":{"line":139,"column":null}},"type":"if","locations":[{"start":{"line":124,"column":11},"end":{"line":139,"column":null}},{"start":{"line":126,"column":11},"end":{"line":139,"column":null}}]},"34":{"loc":{"start":{"line":128,"column":6},"end":{"line":138,"column":null}},"type":"if","locations":[{"start":{"line":128,"column":6},"end":{"line":138,"column":null}},{"start":{"line":130,"column":13},"end":{"line":138,"column":null}}]},"35":{"loc":{"start":{"line":131,"column":8},"end":{"line":133,"column":null}},"type":"if","locations":[{"start":{"line":131,"column":8},"end":{"line":133,"column":null}}]},"36":{"loc":{"start":{"line":134,"column":8},"end":{"line":136,"column":null}},"type":"if","locations":[{"start":{"line":134,"column":8},"end":{"line":136,"column":null}}]}},"s":{"0":5,"1":5,"2":5,"3":5,"4":0,"5":0,"6":0,"7":0,"8":5,"9":0,"10":5,"11":5,"12":5,"13":5,"14":2,"15":2,"16":0,"17":0,"18":0,"19":0,"20":2,"21":0,"22":2,"23":2,"24":2,"25":5,"26":1,"27":0,"28":1,"29":1,"30":1,"31":5,"32":0,"33":0,"34":0,"35":0,"36":0,"37":0,"38":5,"39":0,"40":0,"41":0,"42":0,"43":0,"44":0,"45":0,"46":0,"47":8,"48":0,"49":0,"50":0,"51":8,"52":0,"53":8,"54":2,"55":6,"56":6,"57":1,"58":5,"59":0,"60":5,"61":0,"62":5,"63":8,"64":5,"65":1,"66":1,"67":1,"68":5},"f":{"0":5,"1":0,"2":0,"3":2,"4":0,"5":0,"6":1,"7":0,"8":0,"9":8,"10":1},"b":{"0":[5,5],"1":[5,0],"2":[5,0],"3":[0,5],"4":[5,0],"5":[0],"6":[5,5],"7":[2,0],"8":[2,2],"9":[2,0],"10":[2,0],"11":[0,2],"12":[2,0],"13":[0],"14":[2,2],"15":[0,2],"16":[0,2],"17":[0],"18":[1,1],"19":[1,0],"20":[1,0],"21":[1,0],"22":[1,0],"23":[0,0],"24":[0,0],"25":[0,0],"26":[0,0],"27":[0],"28":[0,0],"29":[0],"30":[0,0,0,0,0,0],"31":[0,8],"32":[0,8],"33":[2,6],"34":[1,5],"35":[0],"36":[0]}}
,"C:\\Users\\chues\\OOP\\SVG-Animation-Library\\src\\elements.ts": {"path":"C:\\Users\\chues\\OOP\\SVG-Animation-Library\\src\\elements.ts","statementMap":{"0":{"start":{"line":1,"column":0},"end":{"line":1,"column":9}},"1":{"start":{"line":115,"column":29},"end":{"line":1,"column":49}},"2":{"start":{"line":6,"column":4},"end":{"line":6,"column":32}},"3":{"start":{"line":10,"column":4},"end":{"line":10,"column":71}},"4":{"start":{"line":4,"column":0},"end":{"line":4,"column":13}},"5":{"start":{"line":16,"column":4},"end":{"line":16,"column":30}},"6":{"start":{"line":20,"column":4},"end":{"line":20,"column":69}},"7":{"start":{"line":14,"column":0},"end":{"line":14,"column":13}},"8":{"start":{"line":26,"column":4},"end":{"line":26,"column":30}},"9":{"start":{"line":30,"column":4},"end":{"line":30,"column":69}},"10":{"start":{"line":24,"column":0},"end":{"line":24,"column":13}},"11":{"start":{"line":36,"column":4},"end":{"line":36,"column":30}},"12":{"start":{"line":40,"column":4},"end":{"line":40,"column":69}},"13":{"start":{"line":34,"column":0},"end":{"line":34,"column":13}},"14":{"start":{"line":46,"column":4},"end":{"line":46,"column":40}},"15":{"start":{"line":50,"column":4},"end":{"line":50,"column":79}},"16":{"start":{"line":44,"column":0},"end":{"line":44,"column":13}},"17":{"start":{"line":56,"column":4},"end":{"line":56,"column":30}},"18":{"start":{"line":60,"column":4},"end":{"line":60,"column":69}},"19":{"start":{"line":54,"column":0},"end":{"line":54,"column":13}},"20":{"start":{"line":66,"column":4},"end":{"line":66,"column":32}},"21":{"start":{"line":70,"column":4},"end":{"line":70,"column":71}},"22":{"start":{"line":64,"column":0},"end":{"line":64,"column":13}},"23":{"start":{"line":76,"column":4},"end":{"line":76,"column":40}},"24":{"start":{"line":80,"column":4},"end":{"line":80,"column":79}},"25":{"start":{"line":74,"column":0},"end":{"line":74,"column":13}},"26":{"start":{"line":86,"column":4},"end":{"line":86,"column":30}},"27":{"start":{"line":87,"column":4},"end":{"line":87,"column":37}},"28":{"start":{"line":91,"column":4},"end":{"line":91,"column":69}},"29":{"start":{"line":84,"column":0},"end":{"line":84,"column":13}},"30":{"start":{"line":97,"column":4},"end":{"line":97,"column":34}},"31":{"start":{"line":101,"column":4},"end":{"line":101,"column":73}},"32":{"start":{"line":95,"column":0},"end":{"line":95,"column":13}},"33":{"start":{"line":107,"column":4},"end":{"line":107,"column":38}},"34":{"start":{"line":111,"column":4},"end":{"line":111,"column":77}},"35":{"start":{"line":105,"column":0},"end":{"line":105,"column":13}}},"fnMap":{"0":{"name":"(anonymous_0)","decl":{"start":{"line":115,"column":29},"end":{"line":115,"column":39}},"loc":{"start":{"line":115,"column":29},"end":{"line":1,"column":49}}},"1":{"name":"(anonymous_1)","decl":{"start":{"line":5,"column":2},"end":{"line":5,"column":14}},"loc":{"start":{"line":5,"column":57},"end":{"line":7,"column":3}}},"2":{"name":"(anonymous_2)","decl":{"start":{"line":9,"column":2},"end":{"line":9,"column":9}},"loc":{"start":{"line":9,"column":35},"end":{"line":11,"column":3}}},"3":{"name":"(anonymous_3)","decl":{"start":{"line":15,"column":2},"end":{"line":15,"column":14}},"loc":{"start":{"line":15,"column":57},"end":{"line":17,"column":3}}},"4":{"name":"(anonymous_4)","decl":{"start":{"line":19,"column":2},"end":{"line":19,"column":9}},"loc":{"start":{"line":19,"column":35},"end":{"line":21,"column":3}}},"5":{"name":"(anonymous_5)","decl":{"start":{"line":25,"column":2},"end":{"line":25,"column":14}},"loc":{"start":{"line":25,"column":57},"end":{"line":27,"column":3}}},"6":{"name":"(anonymous_6)","decl":{"start":{"line":29,"column":2},"end":{"line":29,"column":9}},"loc":{"start":{"line":29,"column":35},"end":{"line":31,"column":3}}},"7":{"name":"(anonymous_7)","decl":{"start":{"line":35,"column":2},"end":{"line":35,"column":14}},"loc":{"start":{"line":35,"column":57},"end":{"line":37,"column":3}}},"8":{"name":"(anonymous_8)","decl":{"start":{"line":39,"column":2},"end":{"line":39,"column":9}},"loc":{"start":{"line":39,"column":35},"end":{"line":41,"column":3}}},"9":{"name":"(anonymous_9)","decl":{"start":{"line":45,"column":2},"end":{"line":45,"column":14}},"loc":{"start":{"line":45,"column":57},"end":{"line":47,"column":3}}},"10":{"name":"(anonymous_10)","decl":{"start":{"line":49,"column":2},"end":{"line":49,"column":9}},"loc":{"start":{"line":49,"column":35},"end":{"line":51,"column":3}}},"11":{"name":"(anonymous_11)","decl":{"start":{"line":55,"column":2},"end":{"line":55,"column":14}},"loc":{"start":{"line":55,"column":57},"end":{"line":57,"column":3}}},"12":{"name":"(anonymous_12)","decl":{"start":{"line":59,"column":2},"end":{"line":59,"column":9}},"loc":{"start":{"line":59,"column":35},"end":{"line":61,"column":3}}},"13":{"name":"(anonymous_13)","decl":{"start":{"line":65,"column":2},"end":{"line":65,"column":14}},"loc":{"start":{"line":65,"column":57},"end":{"line":67,"column":3}}},"14":{"name":"(anonymous_14)","decl":{"start":{"line":69,"column":2},"end":{"line":69,"column":9}},"loc":{"start":{"line":69,"column":35},"end":{"line":71,"column":3}}},"15":{"name":"(anonymous_15)","decl":{"start":{"line":75,"column":2},"end":{"line":75,"column":14}},"loc":{"start":{"line":75,"column":57},"end":{"line":77,"column":3}}},"16":{"name":"(anonymous_16)","decl":{"start":{"line":79,"column":2},"end":{"line":79,"column":9}},"loc":{"start":{"line":79,"column":35},"end":{"line":81,"column":3}}},"17":{"name":"(anonymous_17)","decl":{"start":{"line":85,"column":2},"end":{"line":85,"column":14}},"loc":{"start":{"line":85,"column":78},"end":{"line":88,"column":3}}},"18":{"name":"(anonymous_18)","decl":{"start":{"line":90,"column":2},"end":{"line":90,"column":9}},"loc":{"start":{"line":90,"column":35},"end":{"line":92,"column":3}}},"19":{"name":"(anonymous_19)","decl":{"start":{"line":96,"column":2},"end":{"line":96,"column":14}},"loc":{"start":{"line":96,"column":57},"end":{"line":98,"column":3}}},"20":{"name":"(anonymous_20)","decl":{"start":{"line":100,"column":2},"end":{"line":100,"column":9}},"loc":{"start":{"line":100,"column":35},"end":{"line":102,"column":3}}},"21":{"name":"(anonymous_21)","decl":{"start":{"line":106,"column":2},"end":{"line":106,"column":14}},"loc":{"start":{"line":106,"column":57},"end":{"line":108,"column":3}}},"22":{"name":"(anonymous_22)","decl":{"start":{"line":110,"column":2},"end":{"line":110,"column":9}},"loc":{"start":{"line":110,"column":35},"end":{"line":112,"column":3}}}},"branchMap":{},"s":{"0":5,"1":5,"2":8,"3":0,"4":5,"5":3,"6":0,"7":5,"8":2,"9":0,"10":5,"11":2,"12":0,"13":5,"14":0,"15":0,"16":5,"17":0,"18":0,"19":5,"20":0,"21":0,"22":5,"23":0,"24":0,"25":5,"26":0,"27":0,"28":0,"29":5,"30":0,"31":0,"32":5,"33":0,"34":0,"35":5},"f":{"0":0,"1":8,"2":0,"3":3,"4":0,"5":2,"6":0,"7":2,"8":0,"9":0,"10":0,"11":0,"12":0,"13":0,"14":0,"15":0,"16":0,"17":0,"18":0,"19":0,"20":0,"21":0,"22":0},"b":{}}
,"C:\\Users\\chues\\OOP\\SVG-Animation-Library\\src\\index.ts": {"path":"C:\\Users\\chues\\OOP\\SVG-Animation-Library\\src\\index.ts","statementMap":{"0":{"start":{"line":1,"column":0},"end":{"line":1,"column":9}},"1":{"start":{"line":1,"column":9},"end":{"line":1,"column":28}},"2":{"start":{"line":2,"column":0},"end":{"line":2,"column":9}},"3":{"start":{"line":2,"column":9},"end":{"line":2,"column":39}},"4":{"start":{"line":3,"column":0},"end":{"line":3,"column":9}},"5":{"start":{"line":3,"column":9},"end":{"line":3,"column":17}},"6":{"start":{"line":3,"column":17},"end":{"line":3,"column":23}},"7":{"start":{"line":3,"column":23},"end":{"line":3,"column":29}},"8":{"start":{"line":3,"column":29},"end":{"line":3,"column":54}},"9":{"start":{"line":4,"column":0},"end":{"line":4,"column":9}},"10":{"start":{"line":4,"column":9},"end":{"line":4,"column":18}},"11":{"start":{"line":4,"column":18},"end":{"line":4,"column":36}},"12":{"start":{"line":4,"column":36},"end":{"line":4,"column":72}},"13":{"start":{"line":6,"column":0},"end":{"line":6,"column":9}},"14":{"start":{"line":6,"column":9},"end":{"line":6,"column":50}},"15":{"start":{"line":7,"column":0},"end":{"line":7,"column":9}},"16":{"start":{"line":7,"column":9},"end":{"line":7,"column":19}},"17":{"start":{"line":7,"column":19},"end":{"line":7,"column":54}}},"fnMap":{"0":{"name":"(anonymous_0)","decl":{"start":{"line":1,"column":9},"end":{"line":1,"column":12}},"loc":{"start":{"line":1,"column":9},"end":{"line":1,"column":28}}},"1":{"name":"(anonymous_1)","decl":{"start":{"line":2,"column":9},"end":{"line":2,"column":25}},"loc":{"start":{"line":2,"column":9},"end":{"line":2,"column":39}}},"2":{"name":"(anonymous_2)","decl":{"start":{"line":3,"column":9},"end":{"line":3,"column":15}},"loc":{"start":{"line":3,"column":9},"end":{"line":3,"column":17}}},"3":{"name":"(anonymous_3)","decl":{"start":{"line":3,"column":17},"end":{"line":3,"column":21}},"loc":{"start":{"line":3,"column":17},"end":{"line":3,"column":23}}},"4":{"name":"(anonymous_4)","decl":{"start":{"line":3,"column":23},"end":{"line":3,"column":27}},"loc":{"start":{"line":3,"column":23},"end":{"line":3,"column":29}}},"5":{"name":"(anonymous_5)","decl":{"start":{"line":3,"column":29},"end":{"line":3,"column":33}},"loc":{"start":{"line":3,"column":29},"end":{"line":3,"column":54}}},"6":{"name":"(anonymous_6)","decl":{"start":{"line":4,"column":9},"end":{"line":4,"column":16}},"loc":{"start":{"line":4,"column":9},"end":{"line":4,"column":18}}},"7":{"name":"(anonymous_7)","decl":{"start":{"line":4,"column":18},"end":{"line":4,"column":34}},"loc":{"start":{"line":4,"column":18},"end":{"line":4,"column":36}}},"8":{"name":"(anonymous_8)","decl":{"start":{"line":4,"column":36},"end":{"line":4,"column":49}},"loc":{"start":{"line":4,"column":36},"end":{"line":4,"column":72}}},"9":{"name":"(anonymous_9)","decl":{"start":{"line":6,"column":9},"end":{"line":6,"column":24}},"loc":{"start":{"line":6,"column":9},"end":{"line":6,"column":50}}},"10":{"name":"(anonymous_10)","decl":{"start":{"line":7,"column":9},"end":{"line":7,"column":17}},"loc":{"start":{"line":7,"column":9},"end":{"line":7,"column":19}}},"11":{"name":"(anonymous_11)","decl":{"start":{"line":7,"column":19},"end":{"line":7,"column":33}},"loc":{"start":{"line":7,"column":19},"end":{"line":7,"column":54}}}},"branchMap":{},"s":{"0":5,"1":18,"2":5,"3":9,"4":5,"5":5,"6":5,"7":5,"8":5,"9":5,"10":5,"11":5,"12":5,"13":5,"14":7,"15":5,"16":5,"17":5},"f":{"0":13,"1":4,"2":0,"3":0,"4":0,"5":0,"6":0,"7":0,"8":0,"9":2,"10":0,"11":0},"b":{}}
,"C:\\Users\\chues\\OOP\\SVG-Animation-Library\\src\\react-adapter.ts": {"path":"C:\\Users\\chues\\OOP\\SVG-Animation-Library\\src\\react-adapter.ts","statementMap":{"0":{"start":{"line":1,"column":0},"end":{"line":1,"column":42}},"1":{"start":{"line":2,"column":0},"end":{"line":2,"column":28}},"2":{"start":{"line":15,"column":17},"end":{"line":15,"column":41}},"3":{"start":{"line":17,"column":2},"end":{"line":60,"column":21}},"4":{"start":{"line":18,"column":4},"end":{"line":52,"column":null}},"5":{"start":{"line":20,"column":6},"end":{"line":20,"column":81}},"6":{"start":{"line":23,"column":6},"end":{"line":47,"column":9}},"7":{"start":{"line":25,"column":8},"end":{"line":40,"column":null}},"8":{"start":{"line":27,"column":12},"end":{"line":27,"column":68}},"9":{"start":{"line":28,"column":12},"end":{"line":28,"column":18}},"10":{"start":{"line":30,"column":12},"end":{"line":30,"column":66}},"11":{"start":{"line":31,"column":12},"end":{"line":31,"column":18}},"12":{"start":{"line":33,"column":12},"end":{"line":33,"column":66}},"13":{"start":{"line":34,"column":12},"end":{"line":34,"column":18}},"14":{"start":{"line":36,"column":12},"end":{"line":36,"column":66}},"15":{"start":{"line":37,"column":12},"end":{"line":37,"column":18}},"16":{"start":{"line":39,"column":12},"end":{"line":39,"column":73}},"17":{"start":{"line":42,"column":8},"end":{"line":46,"column":null}},"18":{"start":{"line":43,"column":10},"end":{"line":45,"column":13}},"19":{"start":{"line":44,"column":12},"end":{"line":44,"column":64}},"20":{"start":{"line":50,"column":24},"end":{"line":50,"column":49}},"21":{"start":{"line":51,"column":6},"end":{"line":51,"column":40}},"22":{"start":{"line":54,"column":4},"end":{"line":59,"column":6}},"23":{"start":{"line":56,"column":6},"end":{"line":58,"column":null}},"24":{"start":{"line":57,"column":8},"end":{"line":57,"column":35}},"25":{"start":{"line":62,"column":2},"end":{"line":62,"column":24}},"26":{"start":{"line":6,"column":0},"end":{"line":6,"column":16}}},"fnMap":{"0":{"name":"useSvgAnimation","decl":{"start":{"line":6,"column":16},"end":{"line":6,"column":31}},"loc":{"start":{"line":14,"column":1},"end":{"line":63,"column":1}}},"1":{"name":"(anonymous_1)","decl":{"start":{"line":17,"column":12},"end":{"line":17,"column":15}},"loc":{"start":{"line":17,"column":17},"end":{"line":60,"column":3}}},"2":{"name":"(anonymous_2)","decl":{"start":{"line":23,"column":31},"end":{"line":23,"column":38}},"loc":{"start":{"line":23,"column":41},"end":{"line":47,"column":7}}},"3":{"name":"(anonymous_3)","decl":{"start":{"line":43,"column":37},"end":{"line":43,"column":46}},"loc":{"start":{"line":43,"column":49},"end":{"line":45,"column":11}}},"4":{"name":"(anonymous_4)","decl":{"start":{"line":54,"column":11},"end":{"line":54,"column":14}},"loc":{"start":{"line":54,"column":16},"end":{"line":59,"column":5}}}},"branchMap":{"0":{"loc":{"start":{"line":18,"column":4},"end":{"line":52,"column":null}},"type":"if","locations":[{"start":{"line":18,"column":4},"end":{"line":52,"column":null}}]},"1":{"loc":{"start":{"line":25,"column":8},"end":{"line":40,"column":null}},"type":"switch","locations":[{"start":{"line":26,"column":10},"end":{"line":28,"column":18}},{"start":{"line":29,"column":10},"end":{"line":31,"column":18}},{"start":{"line":32,"column":10},"end":{"line":34,"column":18}},{"start":{"line":35,"column":10},"end":{"line":37,"column":18}},{"start":{"line":38,"column":10},"end":{"line":39,"column":73}}]},"2":{"loc":{"start":{"line":42,"column":8},"end":{"line":46,"column":null}},"type":"if","locations":[{"start":{"line":42,"column":8},"end":{"line":46,"column":null}}]},"3":{"loc":{"start":{"line":56,"column":6},"end":{"line":58,"column":null}},"type":"if","locations":[{"start":{"line":56,"column":6},"end":{"line":58,"column":null}}]}},"s":{"0":5,"1":5,"2":2,"3":2,"4":2,"5":0,"6":0,"7":0,"8":0,"9":0,"10":0,"11":0,"12":0,"13":0,"14":0,"15":0,"16":0,"17":0,"18":0,"19":0,"20":0,"21":0,"22":2,"23":2,"24":0,"25":2,"26":5},"f":{"0":2,"1":2,"2":0,"3":0,"4":2},"b":{"0":[0],"1":[0,0,0,0,0],"2":[0],"3":[0]}}
,"C:\\Users\\chues\\OOP\\SVG-Animation-Library\\src\\svg-element.ts": {"path":"C:\\Users\\chues\\OOP\\SVG-Animation-Library\\src\\svg-element.ts","statementMap":{"0":{"start":{"line":6,"column":12},"end":{"line":6,"column":46}},"1":{"start":{"line":7,"column":10},"end":{"line":7,"column":44}},"2":{"start":{"line":8,"column":10},"end":{"line":8,"column":44}},"3":{"start":{"line":11,"column":4},"end":{"line":11,"column":27}},"4":{"start":{"line":12,"column":4},"end":{"line":12,"column":25}},"5":{"start":{"line":13,"column":4},"end":{"line":17,"column":null}},"6":{"start":{"line":14,"column":6},"end":{"line":16,"column":null}},"7":{"start":{"line":15,"column":8},"end":{"line":15,"column":84}},"8":{"start":{"line":21,"column":4},"end":{"line":21,"column":25}},"9":{"start":{"line":25,"column":4},"end":{"line":25,"column":30}},"10":{"start":{"line":29,"column":4},"end":{"line":29,"column":24}},"11":{"start":{"line":33,"column":4},"end":{"line":33,"column":30}},"12":{"start":{"line":34,"column":4},"end":{"line":36,"column":null}},"13":{"start":{"line":35,"column":6},"end":{"line":35,"column":46}},"14":{"start":{"line":37,"column":4},"end":{"line":37,"column":16}},"15":{"start":{"line":41,"column":18},"end":{"line":41,"column":46}},"16":{"start":{"line":42,"column":4},"end":{"line":47,"column":null}},"17":{"start":{"line":43,"column":6},"end":{"line":43,"column":37}},"18":{"start":{"line":44,"column":6},"end":{"line":46,"column":null}},"19":{"start":{"line":45,"column":8},"end":{"line":45,"column":48}},"20":{"start":{"line":48,"column":4},"end":{"line":48,"column":16}},"21":{"start":{"line":52,"column":4},"end":{"line":52,"column":96}},"22":{"start":{"line":56,"column":18},"end":{"line":59,"column":16}},"23":{"start":{"line":57,"column":26},"end":{"line":57,"column":41}},"24":{"start":{"line":58,"column":23},"end":{"line":58,"column":36}},"25":{"start":{"line":60,"column":24},"end":{"line":60,"column":69}},"26":{"start":{"line":60,"column":47},"end":{"line":60,"column":59}},"27":{"start":{"line":61,"column":27},"end":{"line":61,"column":49}},"28":{"start":{"line":62,"column":4},"end":{"line":62,"column":89}},"29":{"start":{"line":66,"column":4},"end":{"line":66,"column":24}},"30":{"start":{"line":70,"column":4},"end":{"line":70,"column":27}},"31":{"start":{"line":71,"column":4},"end":{"line":75,"column":null}},"32":{"start":{"line":72,"column":6},"end":{"line":74,"column":null}},"33":{"start":{"line":73,"column":8},"end":{"line":73,"column":41}},"34":{"start":{"line":76,"column":4},"end":{"line":78,"column":null}},"35":{"start":{"line":77,"column":6},"end":{"line":77,"column":45}},"36":{"start":{"line":79,"column":4},"end":{"line":83,"column":7}},"37":{"start":{"line":80,"column":6},"end":{"line":82,"column":null}},"38":{"start":{"line":81,"column":8},"end":{"line":81,"column":43}},"39":{"start":{"line":87,"column":4},"end":{"line":87,"column":40}},"40":{"start":{"line":91,"column":4},"end":{"line":91,"column":32}},"41":{"start":{"line":95,"column":4},"end":{"line":95,"column":33}},"42":{"start":{"line":96,"column":4},"end":{"line":98,"column":null}},"43":{"start":{"line":97,"column":6},"end":{"line":97,"column":44}},"44":{"start":{"line":102,"column":4},"end":{"line":102,"column":25}},"45":{"start":{"line":103,"column":4},"end":{"line":106,"column":null}},"46":{"start":{"line":104,"column":24},"end":{"line":104,"column":56}},"47":{"start":{"line":105,"column":6},"end":{"line":105,"column":69}},"48":{"start":{"line":105,"column":32},"end":{"line":105,"column":68}},"49":{"start":{"line":110,"column":4},"end":{"line":110,"column":23}},"50":{"start":{"line":111,"column":4},"end":{"line":115,"column":null}},"51":{"start":{"line":112,"column":6},"end":{"line":114,"column":null}},"52":{"start":{"line":113,"column":8},"end":{"line":113,"column":58}},"53":{"start":{"line":119,"column":4},"end":{"line":119,"column":31}},"54":{"start":{"line":120,"column":4},"end":{"line":122,"column":null}},"55":{"start":{"line":121,"column":6},"end":{"line":121,"column":41}},"56":{"start":{"line":126,"column":4},"end":{"line":126,"column":28}},"57":{"start":{"line":3,"column":0},"end":{"line":3,"column":13}}},"fnMap":{"0":{"name":"(anonymous_0)","decl":{"start":{"line":10,"column":2},"end":{"line":10,"column":14}},"loc":{"start":{"line":10,"column":79},"end":{"line":18,"column":3}}},"1":{"name":"(anonymous_1)","decl":{"start":{"line":20,"column":9},"end":{"line":20,"column":20}},"loc":{"start":{"line":20,"column":20},"end":{"line":22,"column":3}}},"2":{"name":"(anonymous_2)","decl":{"start":{"line":24,"column":9},"end":{"line":24,"column":17}},"loc":{"start":{"line":24,"column":41},"end":{"line":26,"column":3}}},"3":{"name":"(anonymous_3)","decl":{"start":{"line":28,"column":9},"end":{"line":28,"column":19}},"loc":{"start":{"line":28,"column":19},"end":{"line":30,"column":3}}},"4":{"name":"(anonymous_4)","decl":{"start":{"line":32,"column":9},"end":{"line":32,"column":12}},"loc":{"start":{"line":32,"column":36},"end":{"line":38,"column":3}}},"5":{"name":"(anonymous_5)","decl":{"start":{"line":40,"column":9},"end":{"line":40,"column":20}},"loc":{"start":{"line":40,"column":44},"end":{"line":49,"column":3}}},"6":{"name":"(anonymous_6)","decl":{"start":{"line":51,"column":9},"end":{"line":51,"column":16}},"loc":{"start":{"line":51,"column":42},"end":{"line":53,"column":3}}},"7":{"name":"(anonymous_7)","decl":{"start":{"line":55,"column":9},"end":{"line":55,"column":17}},"loc":{"start":{"line":55,"column":17},"end":{"line":63,"column":3}}},"8":{"name":"(anonymous_8)","decl":{"start":{"line":57,"column":14},"end":{"line":57,"column":15}},"loc":{"start":{"line":57,"column":26},"end":{"line":57,"column":41}}},"9":{"name":"(anonymous_9)","decl":{"start":{"line":58,"column":11},"end":{"line":58,"column":12}},"loc":{"start":{"line":58,"column":23},"end":{"line":58,"column":36}}},"10":{"name":"(anonymous_10)","decl":{"start":{"line":60,"column":42},"end":{"line":60,"column":43}},"loc":{"start":{"line":60,"column":47},"end":{"line":60,"column":59}}},"11":{"name":"(anonymous_11)","decl":{"start":{"line":65,"column":9},"end":{"line":65,"column":19}},"loc":{"start":{"line":65,"column":19},"end":{"line":67,"column":3}}},"12":{"name":"(anonymous_12)","decl":{"start":{"line":69,"column":9},"end":{"line":69,"column":19}},"loc":{"start":{"line":69,"column":39},"end":{"line":84,"column":3}}},"13":{"name":"(anonymous_13)","decl":{"start":{"line":79,"column":26},"end":{"line":79,"column":31}},"loc":{"start":{"line":79,"column":34},"end":{"line":83,"column":5}}},"14":{"name":"(anonymous_14)","decl":{"start":{"line":86,"column":9},"end":{"line":86,"column":26}},"loc":{"start":{"line":86,"column":26},"end":{"line":88,"column":3}}},"15":{"name":"(anonymous_15)","decl":{"start":{"line":90,"column":9},"end":{"line":90,"column":21}},"loc":{"start":{"line":90,"column":33},"end":{"line":92,"column":3}}},"16":{"name":"(anonymous_16)","decl":{"start":{"line":94,"column":9},"end":{"line":94,"column":21}},"loc":{"start":{"line":94,"column":48},"end":{"line":99,"column":3}}},"17":{"name":"(anonymous_17)","decl":{"start":{"line":101,"column":9},"end":{"line":101,"column":24}},"loc":{"start":{"line":101,"column":24},"end":{"line":107,"column":3}}},"18":{"name":"(anonymous_18)","decl":{"start":{"line":105,"column":24},"end":{"line":105,"column":28}},"loc":{"start":{"line":105,"column":31},"end":{"line":105,"column":68}}},"19":{"name":"(anonymous_19)","decl":{"start":{"line":109,"column":9},"end":{"line":109,"column":22}},"loc":{"start":{"line":109,"column":22},"end":{"line":116,"column":3}}},"20":{"name":"(anonymous_20)","decl":{"start":{"line":118,"column":9},"end":{"line":118,"column":23}},"loc":{"start":{"line":118,"column":39},"end":{"line":123,"column":3}}},"21":{"name":"(anonymous_21)","decl":{"start":{"line":125,"column":9},"end":{"line":125,"column":23}},"loc":{"start":{"line":125,"column":23},"end":{"line":127,"column":3}}}},"branchMap":{"0":{"loc":{"start":{"line":10,"column":31},"end":{"line":10,"column":79}},"type":"default-arg","locations":[{"start":{"line":10,"column":77},"end":{"line":10,"column":79}}]},"1":{"loc":{"start":{"line":14,"column":6},"end":{"line":16,"column":null}},"type":"if","locations":[{"start":{"line":14,"column":6},"end":{"line":16,"column":null}}]},"2":{"loc":{"start":{"line":15,"column":31},"end":{"line":15,"column":83}},"type":"cond-expr","locations":[{"start":{"line":15,"column":59},"end":{"line":15,"column":75}},{"start":{"line":15,"column":78},"end":{"line":15,"column":83}}]},"3":{"loc":{"start":{"line":34,"column":4},"end":{"line":36,"column":null}},"type":"if","locations":[{"start":{"line":34,"column":4},"end":{"line":36,"column":null}}]},"4":{"loc":{"start":{"line":34,"column":8},"end":{"line":34,"column":37}},"type":"binary-expr","locations":[{"start":{"line":34,"column":8},"end":{"line":34,"column":20}},{"start":{"line":34,"column":24},"end":{"line":34,"column":37}}]},"5":{"loc":{"start":{"line":42,"column":4},"end":{"line":47,"column":null}},"type":"if","locations":[{"start":{"line":42,"column":4},"end":{"line":47,"column":null}}]},"6":{"loc":{"start":{"line":44,"column":6},"end":{"line":46,"column":null}},"type":"if","locations":[{"start":{"line":44,"column":6},"end":{"line":46,"column":null}}]},"7":{"loc":{"start":{"line":44,"column":10},"end":{"line":44,"column":39}},"type":"binary-expr","locations":[{"start":{"line":44,"column":10},"end":{"line":44,"column":22}},{"start":{"line":44,"column":26},"end":{"line":44,"column":39}}]},"8":{"loc":{"start":{"line":61,"column":27},"end":{"line":61,"column":49}},"type":"binary-expr","locations":[{"start":{"line":61,"column":27},"end":{"line":61,"column":43}},{"start":{"line":61,"column":47},"end":{"line":61,"column":49}}]},"9":{"loc":{"start":{"line":72,"column":6},"end":{"line":74,"column":null}},"type":"if","locations":[{"start":{"line":72,"column":6},"end":{"line":74,"column":null}}]},"10":{"loc":{"start":{"line":76,"column":4},"end":{"line":78,"column":null}},"type":"if","locations":[{"start":{"line":76,"column":4},"end":{"line":78,"column":null}}]},"11":{"loc":{"start":{"line":80,"column":6},"end":{"line":82,"column":null}},"type":"if","locations":[{"start":{"line":80,"column":6},"end":{"line":82,"column":null}}]},"12":{"loc":{"start":{"line":96,"column":4},"end":{"line":98,"column":null}},"type":"if","locations":[{"start":{"line":96,"column":4},"end":{"line":98,"column":null}}]},"13":{"loc":{"start":{"line":103,"column":4},"end":{"line":106,"column":null}},"type":"if","locations":[{"start":{"line":103,"column":4},"end":{"line":106,"column":null}}]},"14":{"loc":{"start":{"line":105,"column":32},"end":{"line":105,"column":67}},"type":"cond-expr","locations":[{"start":{"line":105,"column":44},"end":{"line":105,"column":46}},{"start":{"line":105,"column":44},"end":{"line":105,"column":67}}]},"15":{"loc":{"start":{"line":105,"column":32},"end":{"line":105,"column":46}},"type":"binary-expr","locations":[{"start":{"line":105,"column":32},"end":{"line":105,"column":46}},{"start":{"line":105,"column":44},"end":{"line":105,"column":46}}]},"16":{"loc":{"start":{"line":111,"column":4},"end":{"line":115,"column":null}},"type":"if","locations":[{"start":{"line":111,"column":4},"end":{"line":115,"column":null}}]},"17":{"loc":{"start":{"line":120,"column":4},"end":{"line":122,"column":null}},"type":"if","locations":[{"start":{"line":120,"column":4},"end":{"line":122,"column":null}}]}},"s":{"0":37,"1":37,"2":37,"3":37,"4":37,"5":37,"6":116,"7":116,"8":1,"9":0,"10":5,"11":24,"12":24,"13":0,"14":24,"15":1,"16":1,"17":1,"18":1,"19":0,"20":1,"21":0,"22":28,"23":91,"24":91,"25":28,"26":19,"27":28,"28":28,"29":23,"30":0,"31":0,"32":0,"33":0,"34":0,"35":0,"36":0,"37":0,"38":0,"39":0,"40":0,"41":0,"42":0,"43":0,"44":1,"45":1,"46":0,"47":0,"48":0,"49":1,"50":1,"51":0,"52":0,"53":0,"54":0,"55":0,"56":0,"57":5},"f":{"0":37,"1":1,"2":0,"3":5,"4":24,"5":1,"6":0,"7":28,"8":91,"9":91,"10":19,"11":23,"12":0,"13":0,"14":0,"15":0,"16":0,"17":1,"18":0,"19":1,"20":0,"21":0},"b":{"0":[0],"1":[116],"2":[70,46],"3":[0],"4":[24,0],"5":[1],"6":[0],"7":[1,0],"8":[28,28],"9":[0],"10":[0],"11":[0],"12":[0],"13":[0],"14":[0,0],"15":[0,0],"16":[0],"17":[0]}}
,"C:\\Users\\chues\\OOP\\SVG-Animation-Library\\src\\svg.ts": {"path":"C:\\Users\\chues\\OOP\\SVG-Animation-Library\\src\\svg.ts","statementMap":{"0":{"start":{"line":1,"column":0},"end":{"line":1,"column":49}},"1":{"start":{"line":2,"column":0},"end":{"line":2,"column":130}},"2":{"start":{"line":4,"column":0},"end":{"line":4,"column":47}},"3":{"start":{"line":5,"column":0},"end":{"line":5,"column":61}},"4":{"start":{"line":11,"column":4},"end":{"line":11,"column":29}},"5":{"start":{"line":12,"column":4},"end":{"line":12,"column":43}},"6":{"start":{"line":16,"column":19},"end":{"line":16,"column":41}},"7":{"start":{"line":17,"column":4},"end":{"line":17,"column":21}},"8":{"start":{"line":18,"column":4},"end":{"line":28,"column":null}},"9":{"start":{"line":19,"column":28},"end":{"line":19,"column":92}},"10":{"start":{"line":20,"column":6},"end":{"line":20,"column":39}},"11":{"start":{"line":21,"column":6},"end":{"line":21,"column":52}},"12":{"start":{"line":22,"column":6},"end":{"line":27,"column":9}},"13":{"start":{"line":23,"column":22},"end":{"line":23,"column":46}},"14":{"start":{"line":24,"column":8},"end":{"line":26,"column":null}},"15":{"start":{"line":25,"column":10},"end":{"line":25,"column":49}},"16":{"start":{"line":29,"column":4},"end":{"line":29,"column":18}},"17":{"start":{"line":33,"column":17},"end":{"line":33,"column":37}},"18":{"start":{"line":34,"column":4},"end":{"line":34,"column":19}},"19":{"start":{"line":35,"column":4},"end":{"line":45,"column":null}},"20":{"start":{"line":36,"column":26},"end":{"line":36,"column":88}},"21":{"start":{"line":37,"column":6},"end":{"line":37,"column":35}},"22":{"start":{"line":38,"column":6},"end":{"line":38,"column":50}},"23":{"start":{"line":39,"column":6},"end":{"line":44,"column":9}},"24":{"start":{"line":40,"column":22},"end":{"line":40,"column":44}},"25":{"start":{"line":41,"column":8},"end":{"line":43,"column":null}},"26":{"start":{"line":42,"column":10},"end":{"line":42,"column":47}},"27":{"start":{"line":46,"column":4},"end":{"line":46,"column":16}},"28":{"start":{"line":50,"column":17},"end":{"line":50,"column":37}},"29":{"start":{"line":51,"column":4},"end":{"line":51,"column":19}},"30":{"start":{"line":52,"column":4},"end":{"line":62,"column":null}},"31":{"start":{"line":53,"column":26},"end":{"line":53,"column":88}},"32":{"start":{"line":54,"column":6},"end":{"line":54,"column":35}},"33":{"start":{"line":55,"column":6},"end":{"line":55,"column":50}},"34":{"start":{"line":56,"column":6},"end":{"line":61,"column":9}},"35":{"start":{"line":57,"column":22},"end":{"line":57,"column":44}},"36":{"start":{"line":58,"column":8},"end":{"line":60,"column":null}},"37":{"start":{"line":59,"column":10},"end":{"line":59,"column":47}},"38":{"start":{"line":63,"column":4},"end":{"line":63,"column":16}},"39":{"start":{"line":67,"column":17},"end":{"line":67,"column":37}},"40":{"start":{"line":68,"column":4},"end":{"line":68,"column":19}},"41":{"start":{"line":69,"column":4},"end":{"line":79,"column":null}},"42":{"start":{"line":70,"column":26},"end":{"line":70,"column":88}},"43":{"start":{"line":71,"column":6},"end":{"line":71,"column":35}},"44":{"start":{"line":72,"column":6},"end":{"line":72,"column":50}},"45":{"start":{"line":73,"column":6},"end":{"line":78,"column":9}},"46":{"start":{"line":74,"column":22},"end":{"line":74,"column":44}},"47":{"start":{"line":75,"column":8},"end":{"line":77,"column":null}},"48":{"start":{"line":76,"column":10},"end":{"line":76,"column":47}},"49":{"start":{"line":80,"column":4},"end":{"line":80,"column":16}},"50":{"start":{"line":84,"column":21},"end":{"line":84,"column":51}},"51":{"start":{"line":85,"column":4},"end":{"line":85,"column":23}},"52":{"start":{"line":86,"column":4},"end":{"line":96,"column":null}},"53":{"start":{"line":87,"column":30},"end":{"line":87,"column":102}},"54":{"start":{"line":88,"column":6},"end":{"line":88,"column":43}},"55":{"start":{"line":89,"column":6},"end":{"line":89,"column":54}},"56":{"start":{"line":90,"column":6},"end":{"line":95,"column":9}},"57":{"start":{"line":91,"column":22},"end":{"line":91,"column":48}},"58":{"start":{"line":92,"column":8},"end":{"line":94,"column":null}},"59":{"start":{"line":93,"column":10},"end":{"line":93,"column":51}},"60":{"start":{"line":97,"column":4},"end":{"line":97,"column":20}},"61":{"start":{"line":101,"column":17},"end":{"line":101,"column":37}},"62":{"start":{"line":102,"column":4},"end":{"line":102,"column":19}},"63":{"start":{"line":103,"column":4},"end":{"line":113,"column":null}},"64":{"start":{"line":104,"column":26},"end":{"line":104,"column":88}},"65":{"start":{"line":105,"column":6},"end":{"line":105,"column":35}},"66":{"start":{"line":106,"column":6},"end":{"line":106,"column":50}},"67":{"start":{"line":107,"column":6},"end":{"line":112,"column":9}},"68":{"start":{"line":108,"column":22},"end":{"line":108,"column":44}},"69":{"start":{"line":109,"column":8},"end":{"line":111,"column":null}},"70":{"start":{"line":110,"column":10},"end":{"line":110,"column":47}},"71":{"start":{"line":114,"column":4},"end":{"line":114,"column":16}},"72":{"start":{"line":118,"column":19},"end":{"line":118,"column":41}},"73":{"start":{"line":119,"column":4},"end":{"line":119,"column":21}},"74":{"start":{"line":120,"column":4},"end":{"line":130,"column":null}},"75":{"start":{"line":121,"column":28},"end":{"line":121,"column":92}},"76":{"start":{"line":122,"column":6},"end":{"line":122,"column":39}},"77":{"start":{"line":123,"column":6},"end":{"line":123,"column":52}},"78":{"start":{"line":124,"column":6},"end":{"line":129,"column":9}},"79":{"start":{"line":125,"column":22},"end":{"line":125,"column":46}},"80":{"start":{"line":126,"column":8},"end":{"line":128,"column":null}},"81":{"start":{"line":127,"column":10},"end":{"line":127,"column":49}},"82":{"start":{"line":131,"column":4},"end":{"line":131,"column":18}},"83":{"start":{"line":135,"column":17},"end":{"line":135,"column":47}},"84":{"start":{"line":136,"column":4},"end":{"line":136,"column":19}},"85":{"start":{"line":137,"column":4},"end":{"line":147,"column":null}},"86":{"start":{"line":138,"column":26},"end":{"line":138,"column":98}},"87":{"start":{"line":139,"column":6},"end":{"line":139,"column":35}},"88":{"start":{"line":140,"column":6},"end":{"line":140,"column":50}},"89":{"start":{"line":141,"column":6},"end":{"line":146,"column":9}},"90":{"start":{"line":142,"column":22},"end":{"line":142,"column":44}},"91":{"start":{"line":143,"column":8},"end":{"line":145,"column":null}},"92":{"start":{"line":144,"column":10},"end":{"line":144,"column":47}},"93":{"start":{"line":148,"column":4},"end":{"line":148,"column":16}},"94":{"start":{"line":152,"column":17},"end":{"line":152,"column":50}},"95":{"start":{"line":153,"column":4},"end":{"line":153,"column":19}},"96":{"start":{"line":154,"column":4},"end":{"line":167,"column":null}},"97":{"start":{"line":155,"column":26},"end":{"line":155,"column":88}},"98":{"start":{"line":156,"column":6},"end":{"line":156,"column":35}},"99":{"start":{"line":157,"column":6},"end":{"line":157,"column":50}},"100":{"start":{"line":158,"column":6},"end":{"line":163,"column":9}},"101":{"start":{"line":159,"column":22},"end":{"line":159,"column":44}},"102":{"start":{"line":160,"column":8},"end":{"line":162,"column":null}},"103":{"start":{"line":161,"column":10},"end":{"line":161,"column":47}},"104":{"start":{"line":164,"column":6},"end":{"line":166,"column":null}},"105":{"start":{"line":165,"column":8},"end":{"line":165,"column":56}},"106":{"start":{"line":168,"column":4},"end":{"line":168,"column":16}},"107":{"start":{"line":172,"column":21},"end":{"line":172,"column":45}},"108":{"start":{"line":173,"column":4},"end":{"line":173,"column":23}},"109":{"start":{"line":174,"column":4},"end":{"line":184,"column":null}},"110":{"start":{"line":175,"column":30},"end":{"line":175,"column":96}},"111":{"start":{"line":176,"column":6},"end":{"line":176,"column":43}},"112":{"start":{"line":177,"column":6},"end":{"line":177,"column":54}},"113":{"start":{"line":178,"column":6},"end":{"line":183,"column":9}},"114":{"start":{"line":179,"column":22},"end":{"line":179,"column":48}},"115":{"start":{"line":180,"column":8},"end":{"line":182,"column":null}},"116":{"start":{"line":181,"column":10},"end":{"line":181,"column":51}},"117":{"start":{"line":185,"column":4},"end":{"line":185,"column":20}},"118":{"start":{"line":189,"column":23},"end":{"line":189,"column":51}},"119":{"start":{"line":190,"column":4},"end":{"line":190,"column":25}},"120":{"start":{"line":191,"column":4},"end":{"line":201,"column":null}},"121":{"start":{"line":192,"column":32},"end":{"line":192,"column":102}},"122":{"start":{"line":193,"column":6},"end":{"line":193,"column":47}},"123":{"start":{"line":194,"column":6},"end":{"line":194,"column":56}},"124":{"start":{"line":195,"column":6},"end":{"line":200,"column":9}},"125":{"start":{"line":196,"column":22},"end":{"line":196,"column":50}},"126":{"start":{"line":197,"column":8},"end":{"line":199,"column":null}},"127":{"start":{"line":198,"column":10},"end":{"line":198,"column":53}},"128":{"start":{"line":202,"column":4},"end":{"line":202,"column":22}},"129":{"start":{"line":206,"column":22},"end":{"line":206,"column":46}},"130":{"start":{"line":207,"column":4},"end":{"line":207,"column":24}},"131":{"start":{"line":208,"column":4},"end":{"line":218,"column":null}},"132":{"start":{"line":209,"column":31},"end":{"line":209,"column":109}},"133":{"start":{"line":210,"column":6},"end":{"line":210,"column":45}},"134":{"start":{"line":211,"column":6},"end":{"line":211,"column":55}},"135":{"start":{"line":212,"column":6},"end":{"line":217,"column":9}},"136":{"start":{"line":213,"column":22},"end":{"line":213,"column":49}},"137":{"start":{"line":214,"column":8},"end":{"line":216,"column":null}},"138":{"start":{"line":215,"column":10},"end":{"line":215,"column":52}},"139":{"start":{"line":219,"column":4},"end":{"line":219,"column":21}},"140":{"start":{"line":223,"column":22},"end":{"line":223,"column":46}},"141":{"start":{"line":224,"column":4},"end":{"line":224,"column":27}},"142":{"start":{"line":225,"column":4},"end":{"line":235,"column":null}},"143":{"start":{"line":226,"column":31},"end":{"line":226,"column":109}},"144":{"start":{"line":227,"column":6},"end":{"line":227,"column":45}},"145":{"start":{"line":228,"column":6},"end":{"line":228,"column":58}},"146":{"start":{"line":229,"column":6},"end":{"line":234,"column":9}},"147":{"start":{"line":230,"column":22},"end":{"line":230,"column":49}},"148":{"start":{"line":231,"column":8},"end":{"line":233,"column":null}},"149":{"start":{"line":232,"column":10},"end":{"line":232,"column":52}},"150":{"start":{"line":236,"column":4},"end":{"line":236,"column":21}},"151":{"start":{"line":240,"column":4},"end":{"line":240,"column":51}},"152":{"start":{"line":244,"column":4},"end":{"line":244,"column":36}},"153":{"start":{"line":248,"column":4},"end":{"line":248,"column":30}},"154":{"start":{"line":249,"column":4},"end":{"line":251,"column":null}},"155":{"start":{"line":250,"column":6},"end":{"line":250,"column":50}},"156":{"start":{"line":252,"column":4},"end":{"line":257,"column":7}},"157":{"start":{"line":253,"column":27},"end":{"line":253,"column":45}},"158":{"start":{"line":254,"column":6},"end":{"line":256,"column":null}},"159":{"start":{"line":255,"column":8},"end":{"line":255,"column":42}},"160":{"start":{"line":7,"column":0},"end":{"line":7,"column":13}}},"fnMap":{"0":{"name":"(anonymous_0)","decl":{"start":{"line":10,"column":2},"end":{"line":10,"column":14}},"loc":{"start":{"line":10,"column":57},"end":{"line":13,"column":3}}},"1":{"name":"(anonymous_1)","decl":{"start":{"line":15,"column":2},"end":{"line":15,"column":8}},"loc":{"start":{"line":15,"column":52},"end":{"line":30,"column":3}}},"2":{"name":"(anonymous_2)","decl":{"start":{"line":22,"column":41},"end":{"line":22,"column":44}},"loc":{"start":{"line":22,"column":47},"end":{"line":27,"column":7}}},"3":{"name":"(anonymous_3)","decl":{"start":{"line":32,"column":2},"end":{"line":32,"column":6}},"loc":{"start":{"line":32,"column":50},"end":{"line":47,"column":3}}},"4":{"name":"(anonymous_4)","decl":{"start":{"line":39,"column":39},"end":{"line":39,"column":42}},"loc":{"start":{"line":39,"column":45},"end":{"line":44,"column":7}}},"5":{"name":"(anonymous_5)","decl":{"start":{"line":49,"column":2},"end":{"line":49,"column":6}},"loc":{"start":{"line":49,"column":50},"end":{"line":64,"column":3}}},"6":{"name":"(anonymous_6)","decl":{"start":{"line":56,"column":39},"end":{"line":56,"column":42}},"loc":{"start":{"line":56,"column":45},"end":{"line":61,"column":7}}},"7":{"name":"(anonymous_7)","decl":{"start":{"line":66,"column":2},"end":{"line":66,"column":6}},"loc":{"start":{"line":66,"column":50},"end":{"line":81,"column":3}}},"8":{"name":"(anonymous_8)","decl":{"start":{"line":73,"column":39},"end":{"line":73,"column":42}},"loc":{"start":{"line":73,"column":45},"end":{"line":78,"column":7}}},"9":{"name":"(anonymous_9)","decl":{"start":{"line":83,"column":2},"end":{"line":83,"column":16}},"loc":{"start":{"line":83,"column":60},"end":{"line":98,"column":3}}},"10":{"name":"(anonymous_10)","decl":{"start":{"line":90,"column":43},"end":{"line":90,"column":46}},"loc":{"start":{"line":90,"column":49},"end":{"line":95,"column":7}}},"11":{"name":"(anonymous_11)","decl":{"start":{"line":100,"column":2},"end":{"line":100,"column":6}},"loc":{"start":{"line":100,"column":50},"end":{"line":115,"column":3}}},"12":{"name":"(anonymous_12)","decl":{"start":{"line":107,"column":39},"end":{"line":107,"column":42}},"loc":{"start":{"line":107,"column":45},"end":{"line":112,"column":7}}},"13":{"name":"(anonymous_13)","decl":{"start":{"line":117,"column":2},"end":{"line":117,"column":8}},"loc":{"start":{"line":117,"column":52},"end":{"line":132,"column":3}}},"14":{"name":"(anonymous_14)","decl":{"start":{"line":124,"column":41},"end":{"line":124,"column":44}},"loc":{"start":{"line":124,"column":47},"end":{"line":129,"column":7}}},"15":{"name":"(anonymous_15)","decl":{"start":{"line":134,"column":2},"end":{"line":134,"column":16}},"loc":{"start":{"line":134,"column":60},"end":{"line":149,"column":3}}},"16":{"name":"(anonymous_16)","decl":{"start":{"line":141,"column":39},"end":{"line":141,"column":42}},"loc":{"start":{"line":141,"column":45},"end":{"line":146,"column":7}}},"17":{"name":"(anonymous_17)","decl":{"start":{"line":151,"column":2},"end":{"line":151,"column":6}},"loc":{"start":{"line":151,"column":71},"end":{"line":169,"column":3}}},"18":{"name":"(anonymous_18)","decl":{"start":{"line":158,"column":39},"end":{"line":158,"column":42}},"loc":{"start":{"line":158,"column":45},"end":{"line":163,"column":7}}},"19":{"name":"(anonymous_19)","decl":{"start":{"line":171,"column":2},"end":{"line":171,"column":10}},"loc":{"start":{"line":171,"column":54},"end":{"line":186,"column":3}}},"20":{"name":"(anonymous_20)","decl":{"start":{"line":178,"column":43},"end":{"line":178,"column":46}},"loc":{"start":{"line":178,"column":49},"end":{"line":183,"column":7}}},"21":{"name":"(anonymous_21)","decl":{"start":{"line":188,"column":2},"end":{"line":188,"column":14}},"loc":{"start":{"line":188,"column":58},"end":{"line":203,"column":3}}},"22":{"name":"(anonymous_22)","decl":{"start":{"line":195,"column":45},"end":{"line":195,"column":48}},"loc":{"start":{"line":195,"column":51},"end":{"line":200,"column":7}}},"23":{"name":"(anonymous_23)","decl":{"start":{"line":205,"column":2},"end":{"line":205,"column":9}},"loc":{"start":{"line":205,"column":34},"end":{"line":220,"column":3}}},"24":{"name":"(anonymous_24)","decl":{"start":{"line":212,"column":44},"end":{"line":212,"column":47}},"loc":{"start":{"line":212,"column":50},"end":{"line":217,"column":7}}},"25":{"name":"(anonymous_25)","decl":{"start":{"line":222,"column":2},"end":{"line":222,"column":14}},"loc":{"start":{"line":222,"column":66},"end":{"line":237,"column":3}}},"26":{"name":"(anonymous_26)","decl":{"start":{"line":229,"column":44},"end":{"line":229,"column":47}},"loc":{"start":{"line":229,"column":50},"end":{"line":234,"column":7}}},"27":{"name":"(anonymous_27)","decl":{"start":{"line":239,"column":2},"end":{"line":239,"column":10}},"loc":{"start":{"line":239,"column":41},"end":{"line":241,"column":3}}},"28":{"name":"(anonymous_28)","decl":{"start":{"line":243,"column":2},"end":{"line":243,"column":16}},"loc":{"start":{"line":243,"column":16},"end":{"line":245,"column":3}}},"29":{"name":"(anonymous_29)","decl":{"start":{"line":247,"column":9},"end":{"line":247,"column":19}},"loc":{"start":{"line":247,"column":39},"end":{"line":258,"column":3}}},"30":{"name":"(anonymous_30)","decl":{"start":{"line":252,"column":31},"end":{"line":252,"column":36}},"loc":{"start":{"line":252,"column":39},"end":{"line":257,"column":5}}}},"branchMap":{"0":{"loc":{"start":{"line":18,"column":4},"end":{"line":28,"column":null}},"type":"if","locations":[{"start":{"line":18,"column":4},"end":{"line":28,"column":null}}]},"1":{"loc":{"start":{"line":24,"column":8},"end":{"line":26,"column":null}},"type":"if","locations":[{"start":{"line":24,"column":8},"end":{"line":26,"column":null}}]},"2":{"loc":{"start":{"line":35,"column":4},"end":{"line":45,"column":null}},"type":"if","locations":[{"start":{"line":35,"column":4},"end":{"line":45,"column":null}}]},"3":{"loc":{"start":{"line":41,"column":8},"end":{"line":43,"column":null}},"type":"if","locations":[{"start":{"line":41,"column":8},"end":{"line":43,"column":null}}]},"4":{"loc":{"start":{"line":52,"column":4},"end":{"line":62,"column":null}},"type":"if","locations":[{"start":{"line":52,"column":4},"end":{"line":62,"column":null}}]},"5":{"loc":{"start":{"line":58,"column":8},"end":{"line":60,"column":null}},"type":"if","locations":[{"start":{"line":58,"column":8},"end":{"line":60,"column":null}}]},"6":{"loc":{"start":{"line":69,"column":4},"end":{"line":79,"column":null}},"type":"if","locations":[{"start":{"line":69,"column":4},"end":{"line":79,"column":null}}]},"7":{"loc":{"start":{"line":75,"column":8},"end":{"line":77,"column":null}},"type":"if","locations":[{"start":{"line":75,"column":8},"end":{"line":77,"column":null}}]},"8":{"loc":{"start":{"line":86,"column":4},"end":{"line":96,"column":null}},"type":"if","locations":[{"start":{"line":86,"column":4},"end":{"line":96,"column":null}}]},"9":{"loc":{"start":{"line":92,"column":8},"end":{"line":94,"column":null}},"type":"if","locations":[{"start":{"line":92,"column":8},"end":{"line":94,"column":null}}]},"10":{"loc":{"start":{"line":103,"column":4},"end":{"line":113,"column":null}},"type":"if","locations":[{"start":{"line":103,"column":4},"end":{"line":113,"column":null}}]},"11":{"loc":{"start":{"line":109,"column":8},"end":{"line":111,"column":null}},"type":"if","locations":[{"start":{"line":109,"column":8},"end":{"line":111,"column":null}}]},"12":{"loc":{"start":{"line":120,"column":4},"end":{"line":130,"column":null}},"type":"if","locations":[{"start":{"line":120,"column":4},"end":{"line":130,"column":null}}]},"13":{"loc":{"start":{"line":126,"column":8},"end":{"line":128,"column":null}},"type":"if","locations":[{"start":{"line":126,"column":8},"end":{"line":128,"column":null}}]},"14":{"loc":{"start":{"line":137,"column":4},"end":{"line":147,"column":null}},"type":"if","locations":[{"start":{"line":137,"column":4},"end":{"line":147,"column":null}}]},"15":{"loc":{"start":{"line":143,"column":8},"end":{"line":145,"column":null}},"type":"if","locations":[{"start":{"line":143,"column":8},"end":{"line":145,"column":null}}]},"16":{"loc":{"start":{"line":154,"column":4},"end":{"line":167,"column":null}},"type":"if","locations":[{"start":{"line":154,"column":4},"end":{"line":167,"column":null}}]},"17":{"loc":{"start":{"line":160,"column":8},"end":{"line":162,"column":null}},"type":"if","locations":[{"start":{"line":160,"column":8},"end":{"line":162,"column":null}}]},"18":{"loc":{"start":{"line":164,"column":6},"end":{"line":166,"column":null}},"type":"if","locations":[{"start":{"line":164,"column":6},"end":{"line":166,"column":null}}]},"19":{"loc":{"start":{"line":174,"column":4},"end":{"line":184,"column":null}},"type":"if","locations":[{"start":{"line":174,"column":4},"end":{"line":184,"column":null}}]},"20":{"loc":{"start":{"line":180,"column":8},"end":{"line":182,"column":null}},"type":"if","locations":[{"start":{"line":180,"column":8},"end":{"line":182,"column":null}}]},"21":{"loc":{"start":{"line":191,"column":4},"end":{"line":201,"column":null}},"type":"if","locations":[{"start":{"line":191,"column":4},"end":{"line":201,"column":null}}]},"22":{"loc":{"start":{"line":197,"column":8},"end":{"line":199,"column":null}},"type":"if","locations":[{"start":{"line":197,"column":8},"end":{"line":199,"column":null}}]},"23":{"loc":{"start":{"line":208,"column":4},"end":{"line":218,"column":null}},"type":"if","locations":[{"start":{"line":208,"column":4},"end":{"line":218,"column":null}}]},"24":{"loc":{"start":{"line":214,"column":8},"end":{"line":216,"column":null}},"type":"if","locations":[{"start":{"line":214,"column":8},"end":{"line":216,"column":null}}]},"25":{"loc":{"start":{"line":225,"column":4},"end":{"line":235,"column":null}},"type":"if","locations":[{"start":{"line":225,"column":4},"end":{"line":235,"column":null}}]},"26":{"loc":{"start":{"line":231,"column":8},"end":{"line":233,"column":null}},"type":"if","locations":[{"start":{"line":231,"column":8},"end":{"line":233,"column":null}}]},"27":{"loc":{"start":{"line":249,"column":4},"end":{"line":251,"column":null}},"type":"if","locations":[{"start":{"line":249,"column":4},"end":{"line":251,"column":null}}]},"28":{"loc":{"start":{"line":254,"column":6},"end":{"line":256,"column":null}},"type":"if","locations":[{"start":{"line":254,"column":6},"end":{"line":256,"column":null}}]}},"s":{"0":5,"1":5,"2":5,"3":5,"4":13,"5":13,"6":8,"7":8,"8":8,"9":0,"10":0,"11":0,"12":0,"13":0,"14":0,"15":0,"16":8,"17":3,"18":3,"19":3,"20":0,"21":0,"22":0,"23":0,"24":0,"25":0,"26":0,"27":3,"28":2,"29":2,"30":2,"31":0,"32":0,"33":0,"34":0,"35":0,"36":0,"37":0,"38":2,"39":2,"40":2,"41":2,"42":0,"43":0,"44":0,"45":0,"46":0,"47":0,"48":0,"49":2,"50":0,"51":0,"52":0,"53":0,"54":0,"55":0,"56":0,"57":0,"58":0,"59":0,"60":0,"61":0,"62":0,"63":0,"64":0,"65":0,"66":0,"67":0,"68":0,"69":0,"70":0,"71":0,"72":0,"73":0,"74":0,"75":0,"76":0,"77":0,"78":0,"79":0,"80":0,"81":0,"82":0,"83":0,"84":0,"85":0,"86":0,"87":0,"88":0,"89":0,"90":0,"91":0,"92":0,"93":0,"94":0,"95":0,"96":0,"97":0,"98":0,"99":0,"100":0,"101":0,"102":0,"103":0,"104":0,"105":0,"106":0,"107":0,"108":0,"109":0,"110":0,"111":0,"112":0,"113":0,"114":0,"115":0,"116":0,"117":0,"118":0,"119":0,"120":0,"121":0,"122":0,"123":0,"124":0,"125":0,"126":0,"127":0,"128":0,"129":0,"130":0,"131":0,"132":0,"133":0,"134":0,"135":0,"136":0,"137":0,"138":0,"139":0,"140":4,"141":4,"142":4,"143":0,"144":0,"145":0,"146":0,"147":0,"148":0,"149":0,"150":4,"151":0,"152":0,"153":0,"154":0,"155":0,"156":0,"157":0,"158":0,"159":0,"160":5},"f":{"0":13,"1":8,"2":0,"3":3,"4":0,"5":2,"6":0,"7":2,"8":0,"9":0,"10":0,"11":0,"12":0,"13":0,"14":0,"15":0,"16":0,"17":0,"18":0,"19":0,"20":0,"21":0,"22":0,"23":0,"24":0,"25":4,"26":0,"27":0,"28":0,"29":0,"30":0},"b":{"0":[0],"1":[0],"2":[0],"3":[0],"4":[0],"5":[0],"6":[0],"7":[0],"8":[0],"9":[0],"10":[0],"11":[0],"12":[0],"13":[0],"14":[0],"15":[0],"16":[0],"17":[0],"18":[0],"19":[0],"20":[0],"21":[0],"22":[0],"23":[0],"24":[0],"25":[0],"26":[0],"27":[0],"28":[0]}}
,"C:\\Users\\chues\\OOP\\SVG-Animation-Library\\src\\timeline.ts": {"path":"C:\\Users\\chues\\OOP\\SVG-Animation-Library\\src\\timeline.ts","statementMap":{"0":{"start":{"line":1,"column":0},"end":{"line":1,"column":49}},"1":{"start":{"line":3,"column":0},"end":{"line":3,"column":65}},"2":{"start":{"line":23,"column":10},"end":{"line":23,"column":64}},"3":{"start":{"line":24,"column":10},"end":{"line":24,"column":38}},"4":{"start":{"line":25,"column":10},"end":{"line":25,"column":101}},"5":{"start":{"line":28,"column":4},"end":{"line":28,"column":92}},"6":{"start":{"line":29,"column":4},"end":{"line":29,"column":33}},"7":{"start":{"line":30,"column":4},"end":{"line":30,"column":35}},"8":{"start":{"line":32,"column":4},"end":{"line":36,"column":null}},"9":{"start":{"line":33,"column":6},"end":{"line":33,"column":26}},"10":{"start":{"line":35,"column":6},"end":{"line":35,"column":30}},"11":{"start":{"line":40,"column":56},"end":{"line":40,"column":60}},"12":{"start":{"line":41,"column":4},"end":{"line":44,"column":6}},"13":{"start":{"line":42,"column":6},"end":{"line":42,"column":41}},"14":{"start":{"line":42,"column":19},"end":{"line":42,"column":41}},"15":{"start":{"line":43,"column":6},"end":{"line":43,"column":54}},"16":{"start":{"line":43,"column":33},"end":{"line":43,"column":46}},"17":{"start":{"line":48,"column":4},"end":{"line":48,"column":30}},"18":{"start":{"line":48,"column":23},"end":{"line":48,"column":30}},"19":{"start":{"line":50,"column":20},"end":{"line":50,"column":70}},"20":{"start":{"line":50,"column":49},"end":{"line":50,"column":69}},"21":{"start":{"line":51,"column":26},"end":{"line":51,"column":104}},"22":{"start":{"line":53,"column":4},"end":{"line":56,"column":null}},"23":{"start":{"line":54,"column":6},"end":{"line":54,"column":48}},"24":{"start":{"line":55,"column":6},"end":{"line":55,"column":13}},"25":{"start":{"line":58,"column":24},"end":{"line":61,"column":5}},"26":{"start":{"line":59,"column":6},"end":{"line":59,"column":46}},"27":{"start":{"line":60,"column":6},"end":{"line":60,"column":59}},"28":{"start":{"line":63,"column":4},"end":{"line":184,"column":null}},"29":{"start":{"line":64,"column":19},"end":{"line":64,"column":20}},"30":{"start":{"line":65,"column":19},"end":{"line":65,"column":20}},"31":{"start":{"line":67,"column":26},"end":{"line":75,"column":7}},"32":{"start":{"line":68,"column":8},"end":{"line":68,"column":31}},"33":{"start":{"line":69,"column":22},"end":{"line":69,"column":37}},"34":{"start":{"line":70,"column":8},"end":{"line":70,"column":31}},"35":{"start":{"line":71,"column":8},"end":{"line":71,"column":31}},"36":{"start":{"line":72,"column":8},"end":{"line":74,"column":null}},"37":{"start":{"line":73,"column":10},"end":{"line":73,"column":34}},"38":{"start":{"line":77,"column":26},"end":{"line":86,"column":12}},"39":{"start":{"line":78,"column":8},"end":{"line":78,"column":37}},"40":{"start":{"line":78,"column":30},"end":{"line":78,"column":37}},"41":{"start":{"line":79,"column":22},"end":{"line":79,"column":37}},"42":{"start":{"line":80,"column":19},"end":{"line":80,"column":41}},"43":{"start":{"line":81,"column":19},"end":{"line":81,"column":41}},"44":{"start":{"line":82,"column":8},"end":{"line":85,"column":11}},"45":{"start":{"line":83,"column":35},"end":{"line":83,"column":74}},"46":{"start":{"line":84,"column":10},"end":{"line":84,"column":91}},"47":{"start":{"line":88,"column":24},"end":{"line":93,"column":7}},"48":{"start":{"line":89,"column":8},"end":{"line":89,"column":32}},"49":{"start":{"line":90,"column":8},"end":{"line":92,"column":null}},"50":{"start":{"line":91,"column":10},"end":{"line":91,"column":33}},"51":{"start":{"line":95,"column":6},"end":{"line":95,"column":59}},"52":{"start":{"line":96,"column":6},"end":{"line":96,"column":52}},"53":{"start":{"line":97,"column":6},"end":{"line":97,"column":48}},"54":{"start":{"line":98,"column":11},"end":{"line":184,"column":null}},"55":{"start":{"line":99,"column":28},"end":{"line":105,"column":7}},"56":{"start":{"line":100,"column":8},"end":{"line":104,"column":null}},"57":{"start":{"line":101,"column":10},"end":{"line":101,"column":34}},"58":{"start":{"line":103,"column":10},"end":{"line":103,"column":33}},"59":{"start":{"line":106,"column":6},"end":{"line":106,"column":60}},"60":{"start":{"line":107,"column":11},"end":{"line":184,"column":null}},"61":{"start":{"line":108,"column":18},"end":{"line":108,"column":34}},"62":{"start":{"line":109,"column":6},"end":{"line":109,"column":23}},"63":{"start":{"line":109,"column":16},"end":{"line":109,"column":23}},"64":{"start":{"line":111,"column":24},"end":{"line":120,"column":7}},"65":{"start":{"line":112,"column":22},"end":{"line":112,"column":40}},"66":{"start":{"line":113,"column":8},"end":{"line":119,"column":null}},"67":{"start":{"line":114,"column":10},"end":{"line":118,"column":null}},"68":{"start":{"line":115,"column":12},"end":{"line":115,"column":36}},"69":{"start":{"line":117,"column":12},"end":{"line":117,"column":35}},"70":{"start":{"line":121,"column":6},"end":{"line":121,"column":48}},"71":{"start":{"line":122,"column":11},"end":{"line":184,"column":null}},"72":{"start":{"line":123,"column":21},"end":{"line":123,"column":95}},"73":{"start":{"line":124,"column":6},"end":{"line":124,"column":26}},"74":{"start":{"line":124,"column":19},"end":{"line":124,"column":26}},"75":{"start":{"line":126,"column":24},"end":{"line":126,"column":53}},"76":{"start":{"line":127,"column":23},"end":{"line":139,"column":null}},"77":{"start":{"line":129,"column":10},"end":{"line":137,"column":13}},"78":{"start":{"line":130,"column":12},"end":{"line":136,"column":null}},"79":{"start":{"line":131,"column":14},"end":{"line":133,"column":null}},"80":{"start":{"line":132,"column":16},"end":{"line":132,"column":40}},"81":{"start":{"line":134,"column":19},"end":{"line":136,"column":null}},"82":{"start":{"line":135,"column":14},"end":{"line":135,"column":37}},"83":{"start":{"line":142,"column":6},"end":{"line":146,"column":null}},"84":{"start":{"line":143,"column":8},"end":{"line":143,"column":51}},"85":{"start":{"line":144,"column":13},"end":{"line":146,"column":null}},"86":{"start":{"line":145,"column":8},"end":{"line":145,"column":33}},"87":{"start":{"line":147,"column":11},"end":{"line":184,"column":null}},"88":{"start":{"line":148,"column":6},"end":{"line":154,"column":9}},"89":{"start":{"line":149,"column":8},"end":{"line":153,"column":null}},"90":{"start":{"line":150,"column":10},"end":{"line":150,"column":34}},"91":{"start":{"line":152,"column":10},"end":{"line":152,"column":33}},"92":{"start":{"line":155,"column":11},"end":{"line":184,"column":null}},"93":{"start":{"line":156,"column":6},"end":{"line":160,"column":9}},"94":{"start":{"line":157,"column":8},"end":{"line":159,"column":null}},"95":{"start":{"line":158,"column":10},"end":{"line":158,"column":34}},"96":{"start":{"line":161,"column":6},"end":{"line":165,"column":9}},"97":{"start":{"line":162,"column":8},"end":{"line":164,"column":null}},"98":{"start":{"line":163,"column":10},"end":{"line":163,"column":33}},"99":{"start":{"line":166,"column":11},"end":{"line":184,"column":null}},"100":{"start":{"line":167,"column":20},"end":{"line":167,"column":46}},"101":{"start":{"line":168,"column":6},"end":{"line":172,"column":16}},"102":{"start":{"line":169,"column":8},"end":{"line":171,"column":null}},"103":{"start":{"line":170,"column":10},"end":{"line":170,"column":34}},"104":{"start":{"line":173,"column":11},"end":{"line":184,"column":null}},"105":{"start":{"line":174,"column":20},"end":{"line":174,"column":38}},"106":{"start":{"line":175,"column":6},"end":{"line":175,"column":25}},"107":{"start":{"line":175,"column":18},"end":{"line":175,"column":25}},"108":{"start":{"line":177,"column":6},"end":{"line":183,"column":9}},"109":{"start":{"line":178,"column":8},"end":{"line":182,"column":null}},"110":{"start":{"line":179,"column":10},"end":{"line":179,"column":34}},"111":{"start":{"line":181,"column":10},"end":{"line":181,"column":33}},"112":{"start":{"line":188,"column":4},"end":{"line":188,"column":36}},"113":{"start":{"line":188,"column":29},"end":{"line":188,"column":36}},"114":{"start":{"line":190,"column":4},"end":{"line":190,"column":30}},"115":{"start":{"line":191,"column":28},"end":{"line":191,"column":47}},"116":{"start":{"line":192,"column":4},"end":{"line":212,"column":7}},"117":{"start":{"line":193,"column":6},"end":{"line":211,"column":9}},"118":{"start":{"line":194,"column":8},"end":{"line":196,"column":null}},"119":{"start":{"line":195,"column":11},"end":{"line":195,"column":42}},"120":{"start":{"line":197,"column":26},"end":{"line":197,"column":49}},"121":{"start":{"line":198,"column":8},"end":{"line":198,"column":31}},"122":{"start":{"line":200,"column":8},"end":{"line":210,"column":null}},"123":{"start":{"line":201,"column":35},"end":{"line":201,"column":113}},"124":{"start":{"line":202,"column":10},"end":{"line":202,"column":49}},"125":{"start":{"line":203,"column":10},"end":{"line":203,"column":62}},"126":{"start":{"line":204,"column":10},"end":{"line":209,"column":13}},"127":{"start":{"line":205,"column":26},"end":{"line":205,"column":54}},"128":{"start":{"line":206,"column":12},"end":{"line":208,"column":null}},"129":{"start":{"line":207,"column":14},"end":{"line":207,"column":57}},"130":{"start":{"line":216,"column":26},"end":{"line":216,"column":74}},"131":{"start":{"line":217,"column":4},"end":{"line":225,"column":7}},"132":{"start":{"line":218,"column":23},"end":{"line":218,"column":44}},"133":{"start":{"line":219,"column":6},"end":{"line":224,"column":9}},"134":{"start":{"line":220,"column":8},"end":{"line":223,"column":null}},"135":{"start":{"line":221,"column":10},"end":{"line":221,"column":37}},"136":{"start":{"line":222,"column":10},"end":{"line":222,"column":34}},"137":{"start":{"line":229,"column":4},"end":{"line":229,"column":16}},"138":{"start":{"line":230,"column":4},"end":{"line":232,"column":7}},"139":{"start":{"line":231,"column":6},"end":{"line":231,"column":49}},"140":{"start":{"line":233,"column":4},"end":{"line":233,"column":29}},"141":{"start":{"line":19,"column":0},"end":{"line":19,"column":13}},"142":{"start":{"line":238,"column":10},"end":{"line":238,"column":40}},"143":{"start":{"line":241,"column":18},"end":{"line":241,"column":45}},"144":{"start":{"line":242,"column":4},"end":{"line":242,"column":28}},"145":{"start":{"line":243,"column":4},"end":{"line":243,"column":17}},"146":{"start":{"line":247,"column":4},"end":{"line":247,"column":47}},"147":{"start":{"line":247,"column":33},"end":{"line":247,"column":45}},"148":{"start":{"line":251,"column":4},"end":{"line":251,"column":50}},"149":{"start":{"line":251,"column":33},"end":{"line":251,"column":48}},"150":{"start":{"line":252,"column":4},"end":{"line":252,"column":21}},"151":{"start":{"line":237,"column":0},"end":{"line":237,"column":13}}},"fnMap":{"0":{"name":"(anonymous_0)","decl":{"start":{"line":27,"column":2},"end":{"line":27,"column":14}},"loc":{"start":{"line":27,"column":44},"end":{"line":37,"column":3}}},"1":{"name":"(anonymous_1)","decl":{"start":{"line":39,"column":10},"end":{"line":39,"column":18}},"loc":{"start":{"line":39,"column":63},"end":{"line":45,"column":3}}},"2":{"name":"(anonymous_2)","decl":{"start":{"line":41,"column":11},"end":{"line":41,"column":12}},"loc":{"start":{"line":41,"column":30},"end":{"line":44,"column":5}}},"3":{"name":"(anonymous_3)","decl":{"start":{"line":43,"column":27},"end":{"line":43,"column":30}},"loc":{"start":{"line":43,"column":33},"end":{"line":43,"column":46}}},"4":{"name":"(anonymous_4)","decl":{"start":{"line":47,"column":10},"end":{"line":47,"column":22}},"loc":{"start":{"line":47,"column":22},"end":{"line":185,"column":3}}},"5":{"name":"(anonymous_5)","decl":{"start":{"line":50,"column":38},"end":{"line":50,"column":45}},"loc":{"start":{"line":50,"column":49},"end":{"line":50,"column":69}}},"6":{"name":"(anonymous_6)","decl":{"start":{"line":58,"column":24},"end":{"line":58,"column":25}},"loc":{"start":{"line":58,"column":87},"end":{"line":61,"column":5}}},"7":{"name":"(anonymous_7)","decl":{"start":{"line":67,"column":26},"end":{"line":67,"column":27}},"loc":{"start":{"line":67,"column":39},"end":{"line":75,"column":7}}},"8":{"name":"(anonymous_8)","decl":{"start":{"line":77,"column":40},"end":{"line":77,"column":41}},"loc":{"start":{"line":77,"column":53},"end":{"line":86,"column":7}}},"9":{"name":"(anonymous_9)","decl":{"start":{"line":82,"column":30},"end":{"line":82,"column":37}},"loc":{"start":{"line":82,"column":40},"end":{"line":85,"column":9}}},"10":{"name":"(anonymous_10)","decl":{"start":{"line":88,"column":24},"end":{"line":88,"column":25}},"loc":{"start":{"line":88,"column":37},"end":{"line":93,"column":7}}},"11":{"name":"(anonymous_11)","decl":{"start":{"line":99,"column":28},"end":{"line":99,"column":29}},"loc":{"start":{"line":99,"column":41},"end":{"line":105,"column":7}}},"12":{"name":"(anonymous_12)","decl":{"start":{"line":111,"column":24},"end":{"line":111,"column":25}},"loc":{"start":{"line":111,"column":37},"end":{"line":120,"column":7}}},"13":{"name":"(anonymous_13)","decl":{"start":{"line":128,"column":8},"end":{"line":128,"column":9}},"loc":{"start":{"line":128,"column":20},"end":{"line":138,"column":9}}},"14":{"name":"(anonymous_14)","decl":{"start":{"line":129,"column":26},"end":{"line":129,"column":31}},"loc":{"start":{"line":129,"column":34},"end":{"line":137,"column":11}}},"15":{"name":"(anonymous_15)","decl":{"start":{"line":148,"column":46},"end":{"line":148,"column":49}},"loc":{"start":{"line":148,"column":51},"end":{"line":154,"column":7}}},"16":{"name":"(anonymous_16)","decl":{"start":{"line":156,"column":51},"end":{"line":156,"column":54}},"loc":{"start":{"line":156,"column":56},"end":{"line":160,"column":7}}},"17":{"name":"(anonymous_17)","decl":{"start":{"line":161,"column":51},"end":{"line":161,"column":54}},"loc":{"start":{"line":161,"column":56},"end":{"line":165,"column":7}}},"18":{"name":"(anonymous_18)","decl":{"start":{"line":168,"column":17},"end":{"line":168,"column":20}},"loc":{"start":{"line":168,"column":22},"end":{"line":172,"column":7}}},"19":{"name":"(anonymous_19)","decl":{"start":{"line":177,"column":44},"end":{"line":177,"column":47}},"loc":{"start":{"line":177,"column":49},"end":{"line":183,"column":7}}},"20":{"name":"(anonymous_20)","decl":{"start":{"line":187,"column":10},"end":{"line":187,"column":19}},"loc":{"start":{"line":187,"column":52},"end":{"line":213,"column":3}}},"21":{"name":"(anonymous_21)","decl":{"start":{"line":192,"column":26},"end":{"line":192,"column":33}},"loc":{"start":{"line":192,"column":36},"end":{"line":212,"column":5}}},"22":{"name":"(anonymous_22)","decl":{"start":{"line":193,"column":46},"end":{"line":193,"column":47}},"loc":{"start":{"line":193,"column":64},"end":{"line":211,"column":7}}},"23":{"name":"(anonymous_23)","decl":{"start":{"line":204,"column":48},"end":{"line":204,"column":52}},"loc":{"start":{"line":204,"column":55},"end":{"line":209,"column":11}}},"24":{"name":"(anonymous_24)","decl":{"start":{"line":215,"column":9},"end":{"line":215,"column":13}},"loc":{"start":{"line":215,"column":13},"end":{"line":226,"column":3}}},"25":{"name":"(anonymous_25)","decl":{"start":{"line":217,"column":26},"end":{"line":217,"column":33}},"loc":{"start":{"line":217,"column":36},"end":{"line":225,"column":5}}},"26":{"name":"(anonymous_26)","decl":{"start":{"line":219,"column":23},"end":{"line":219,"column":24}},"loc":{"start":{"line":219,"column":51},"end":{"line":224,"column":7}}},"27":{"name":"(anonymous_27)","decl":{"start":{"line":228,"column":9},"end":{"line":228,"column":16}},"loc":{"start":{"line":228,"column":16},"end":{"line":234,"column":3}}},"28":{"name":"(anonymous_28)","decl":{"start":{"line":230,"column":32},"end":{"line":230,"column":33}},"loc":{"start":{"line":230,"column":63},"end":{"line":232,"column":5}}},"29":{"name":"(anonymous_29)","decl":{"start":{"line":237,"column":0},"end":{"line":237,"column":13}},"loc":{"start":{"line":237,"column":0},"end":{"line":254,"column":1}}},"30":{"name":"(anonymous_30)","decl":{"start":{"line":240,"column":2},"end":{"line":240,"column":10}},"loc":{"start":{"line":240,"column":41},"end":{"line":244,"column":3}}},"31":{"name":"(anonymous_31)","decl":{"start":{"line":246,"column":2},"end":{"line":246,"column":9}},"loc":{"start":{"line":246,"column":9},"end":{"line":248,"column":3}}},"32":{"name":"(anonymous_32)","decl":{"start":{"line":247,"column":24},"end":{"line":247,"column":29}},"loc":{"start":{"line":247,"column":33},"end":{"line":247,"column":45}}},"33":{"name":"(anonymous_33)","decl":{"start":{"line":250,"column":2},"end":{"line":250,"column":9}},"loc":{"start":{"line":250,"column":9},"end":{"line":253,"column":3}}},"34":{"name":"(anonymous_34)","decl":{"start":{"line":251,"column":24},"end":{"line":251,"column":29}},"loc":{"start":{"line":251,"column":33},"end":{"line":251,"column":48}}}},"branchMap":{"0":{"loc":{"start":{"line":28,"column":20},"end":{"line":28,"column":91}},"type":"cond-expr","locations":[{"start":{"line":28,"column":54},"end":{"line":28,"column":70}},{"start":{"line":28,"column":73},"end":{"line":28,"column":91}}]},"1":{"loc":{"start":{"line":32,"column":4},"end":{"line":36,"column":null}},"type":"if","locations":[{"start":{"line":32,"column":4},"end":{"line":36,"column":null}},{"start":{"line":34,"column":11},"end":{"line":36,"column":null}}]},"2":{"loc":{"start":{"line":42,"column":6},"end":{"line":42,"column":41}},"type":"if","locations":[{"start":{"line":42,"column":6},"end":{"line":42,"column":41}}]},"3":{"loc":{"start":{"line":48,"column":4},"end":{"line":48,"column":30}},"type":"if","locations":[{"start":{"line":48,"column":4},"end":{"line":48,"column":30}}]},"4":{"loc":{"start":{"line":51,"column":26},"end":{"line":51,"column":104}},"type":"cond-expr","locations":[{"start":{"line":51,"column":48},"end":{"line":51,"column":91}},{"start":{"line":51,"column":94},"end":{"line":51,"column":104}}]},"5":{"loc":{"start":{"line":53,"column":4},"end":{"line":56,"column":null}},"type":"if","locations":[{"start":{"line":53,"column":4},"end":{"line":56,"column":null}}]},"6":{"loc":{"start":{"line":63,"column":4},"end":{"line":184,"column":null}},"type":"if","locations":[{"start":{"line":63,"column":4},"end":{"line":184,"column":null}},{"start":{"line":98,"column":11},"end":{"line":184,"column":null}}]},"7":{"loc":{"start":{"line":72,"column":8},"end":{"line":74,"column":null}},"type":"if","locations":[{"start":{"line":72,"column":8},"end":{"line":74,"column":null}}]},"8":{"loc":{"start":{"line":78,"column":8},"end":{"line":78,"column":37}},"type":"if","locations":[{"start":{"line":78,"column":8},"end":{"line":78,"column":37}}]},"9":{"loc":{"start":{"line":83,"column":35},"end":{"line":83,"column":74}},"type":"binary-expr","locations":[{"start":{"line":83,"column":35},"end":{"line":83,"column":68}},{"start":{"line":83,"column":72},"end":{"line":83,"column":74}}]},"10":{"loc":{"start":{"line":90,"column":8},"end":{"line":92,"column":null}},"type":"if","locations":[{"start":{"line":90,"column":8},"end":{"line":92,"column":null}}]},"11":{"loc":{"start":{"line":98,"column":11},"end":{"line":184,"column":null}},"type":"if","locations":[{"start":{"line":98,"column":11},"end":{"line":184,"column":null}},{"start":{"line":107,"column":11},"end":{"line":184,"column":null}}]},"12":{"loc":{"start":{"line":100,"column":8},"end":{"line":104,"column":null}},"type":"if","locations":[{"start":{"line":100,"column":8},"end":{"line":104,"column":null}},{"start":{"line":102,"column":15},"end":{"line":104,"column":null}}]},"13":{"loc":{"start":{"line":107,"column":11},"end":{"line":184,"column":null}},"type":"if","locations":[{"start":{"line":107,"column":11},"end":{"line":184,"column":null}},{"start":{"line":122,"column":11},"end":{"line":184,"column":null}}]},"14":{"loc":{"start":{"line":109,"column":6},"end":{"line":109,"column":23}},"type":"if","locations":[{"start":{"line":109,"column":6},"end":{"line":109,"column":23}}]},"15":{"loc":{"start":{"line":113,"column":8},"end":{"line":119,"column":null}},"type":"if","locations":[{"start":{"line":113,"column":8},"end":{"line":119,"column":null}}]},"16":{"loc":{"start":{"line":114,"column":10},"end":{"line":118,"column":null}},"type":"if","locations":[{"start":{"line":114,"column":10},"end":{"line":118,"column":null}},{"start":{"line":116,"column":17},"end":{"line":118,"column":null}}]},"17":{"loc":{"start":{"line":122,"column":11},"end":{"line":184,"column":null}},"type":"if","locations":[{"start":{"line":122,"column":11},"end":{"line":184,"column":null}},{"start":{"line":147,"column":11},"end":{"line":184,"column":null}}]},"18":{"loc":{"start":{"line":123,"column":21},"end":{"line":123,"column":95}},"type":"cond-expr","locations":[{"start":{"line":123,"column":43},"end":{"line":123,"column":86}},{"start":{"line":123,"column":89},"end":{"line":123,"column":95}}]},"19":{"loc":{"start":{"line":124,"column":6},"end":{"line":124,"column":26}},"type":"if","locations":[{"start":{"line":124,"column":6},"end":{"line":124,"column":26}}]},"20":{"loc":{"start":{"line":126,"column":24},"end":{"line":126,"column":53}},"type":"cond-expr","locations":[{"start":{"line":126,"column":46},"end":{"line":126,"column":50}},{"start":{"line":126,"column":50},"end":{"line":126,"column":53}}]},"21":{"loc":{"start":{"line":126,"column":24},"end":{"line":126,"column":50}},"type":"binary-expr","locations":[{"start":{"line":126,"column":24},"end":{"line":126,"column":50}},{"start":{"line":126,"column":46},"end":{"line":126,"column":50}}]},"22":{"loc":{"start":{"line":130,"column":12},"end":{"line":136,"column":null}},"type":"if","locations":[{"start":{"line":130,"column":12},"end":{"line":136,"column":null}},{"start":{"line":134,"column":19},"end":{"line":136,"column":null}}]},"23":{"loc":{"start":{"line":130,"column":16},"end":{"line":130,"column":76}},"type":"binary-expr","locations":[{"start":{"line":130,"column":16},"end":{"line":130,"column":36}},{"start":{"line":130,"column":40},"end":{"line":130,"column":76}}]},"24":{"loc":{"start":{"line":131,"column":14},"end":{"line":133,"column":null}},"type":"if","locations":[{"start":{"line":131,"column":14},"end":{"line":133,"column":null}}]},"25":{"loc":{"start":{"line":134,"column":19},"end":{"line":136,"column":null}},"type":"if","locations":[{"start":{"line":134,"column":19},"end":{"line":136,"column":null}}]},"26":{"loc":{"start":{"line":142,"column":6},"end":{"line":146,"column":null}},"type":"if","locations":[{"start":{"line":142,"column":6},"end":{"line":146,"column":null}},{"start":{"line":144,"column":13},"end":{"line":146,"column":null}}]},"27":{"loc":{"start":{"line":144,"column":13},"end":{"line":146,"column":null}},"type":"if","locations":[{"start":{"line":144,"column":13},"end":{"line":146,"column":null}}]},"28":{"loc":{"start":{"line":147,"column":11},"end":{"line":184,"column":null}},"type":"if","locations":[{"start":{"line":147,"column":11},"end":{"line":184,"column":null}},{"start":{"line":155,"column":11},"end":{"line":184,"column":null}}]},"29":{"loc":{"start":{"line":149,"column":8},"end":{"line":153,"column":null}},"type":"if","locations":[{"start":{"line":149,"column":8},"end":{"line":153,"column":null}},{"start":{"line":151,"column":15},"end":{"line":153,"column":null}}]},"30":{"loc":{"start":{"line":155,"column":11},"end":{"line":184,"column":null}},"type":"if","locations":[{"start":{"line":155,"column":11},"end":{"line":184,"column":null}},{"start":{"line":166,"column":11},"end":{"line":184,"column":null}}]},"31":{"loc":{"start":{"line":157,"column":8},"end":{"line":159,"column":null}},"type":"if","locations":[{"start":{"line":157,"column":8},"end":{"line":159,"column":null}}]},"32":{"loc":{"start":{"line":162,"column":8},"end":{"line":164,"column":null}},"type":"if","locations":[{"start":{"line":162,"column":8},"end":{"line":164,"column":null}}]},"33":{"loc":{"start":{"line":166,"column":11},"end":{"line":184,"column":null}},"type":"if","locations":[{"start":{"line":166,"column":11},"end":{"line":184,"column":null}},{"start":{"line":173,"column":11},"end":{"line":184,"column":null}}]},"34":{"loc":{"start":{"line":167,"column":20},"end":{"line":167,"column":46}},"type":"cond-expr","locations":[{"start":{"line":167,"column":38},"end":{"line":167,"column":42}},{"start":{"line":167,"column":42},"end":{"line":167,"column":46}}]},"35":{"loc":{"start":{"line":167,"column":20},"end":{"line":167,"column":42}},"type":"binary-expr","locations":[{"start":{"line":167,"column":20},"end":{"line":167,"column":42}},{"start":{"line":167,"column":38},"end":{"line":167,"column":42}}]},"36":{"loc":{"start":{"line":169,"column":8},"end":{"line":171,"column":null}},"type":"if","locations":[{"start":{"line":169,"column":8},"end":{"line":171,"column":null}}]},"37":{"loc":{"start":{"line":173,"column":11},"end":{"line":184,"column":null}},"type":"if","locations":[{"start":{"line":173,"column":11},"end":{"line":184,"column":null}}]},"38":{"loc":{"start":{"line":175,"column":6},"end":{"line":175,"column":25}},"type":"if","locations":[{"start":{"line":175,"column":6},"end":{"line":175,"column":25}}]},"39":{"loc":{"start":{"line":178,"column":8},"end":{"line":182,"column":null}},"type":"if","locations":[{"start":{"line":178,"column":8},"end":{"line":182,"column":null}},{"start":{"line":180,"column":15},"end":{"line":182,"column":null}}]},"40":{"loc":{"start":{"line":188,"column":4},"end":{"line":188,"column":36}},"type":"if","locations":[{"start":{"line":188,"column":4},"end":{"line":188,"column":36}}]},"41":{"loc":{"start":{"line":194,"column":8},"end":{"line":196,"column":null}},"type":"if","locations":[{"start":{"line":194,"column":8},"end":{"line":196,"column":null}}]},"42":{"loc":{"start":{"line":194,"column":12},"end":{"line":194,"column":89}},"type":"binary-expr","locations":[{"start":{"line":194,"column":12},"end":{"line":194,"column":31}},{"start":{"line":194,"column":35},"end":{"line":194,"column":60}},{"start":{"line":194,"column":64},"end":{"line":194,"column":89}}]},"43":{"loc":{"start":{"line":200,"column":8},"end":{"line":210,"column":null}},"type":"if","locations":[{"start":{"line":200,"column":8},"end":{"line":210,"column":null}}]},"44":{"loc":{"start":{"line":206,"column":12},"end":{"line":208,"column":null}},"type":"if","locations":[{"start":{"line":206,"column":12},"end":{"line":208,"column":null}}]},"45":{"loc":{"start":{"line":220,"column":8},"end":{"line":223,"column":null}},"type":"if","locations":[{"start":{"line":220,"column":8},"end":{"line":223,"column":null}}]},"46":{"loc":{"start":{"line":220,"column":12},"end":{"line":220,"column":91}},"type":"binary-expr","locations":[{"start":{"line":220,"column":12},"end":{"line":220,"column":45}},{"start":{"line":220,"column":49},"end":{"line":220,"column":91}}]}},"s":{"0":5,"1":5,"2":4,"3":4,"4":4,"5":4,"6":4,"7":4,"8":4,"9":0,"10":4,"11":0,"12":0,"13":0,"14":0,"15":0,"16":0,"17":0,"18":0,"19":0,"20":0,"21":0,"22":0,"23":0,"24":0,"25":0,"26":0,"27":0,"28":0,"29":0,"30":0,"31":0,"32":0,"33":0,"34":0,"35":0,"36":0,"37":0,"38":0,"39":0,"40":0,"41":0,"42":0,"43":0,"44":0,"45":0,"46":0,"47":0,"48":0,"49":0,"50":0,"51":0,"52":0,"53":0,"54":0,"55":0,"56":0,"57":0,"58":0,"59":0,"60":0,"61":0,"62":0,"63":0,"64":0,"65":0,"66":0,"67":0,"68":0,"69":0,"70":0,"71":0,"72":0,"73":0,"74":0,"75":0,"76":0,"77":0,"78":0,"79":0,"80":0,"81":0,"82":0,"83":0,"84":0,"85":0,"86":0,"87":0,"88":0,"89":0,"90":0,"91":0,"92":0,"93":0,"94":0,"95":0,"96":0,"97":0,"98":0,"99":0,"100":0,"101":0,"102":0,"103":0,"104":0,"105":0,"106":0,"107":0,"108":0,"109":0,"110":0,"111":0,"112":5,"113":1,"114":4,"115":4,"116":4,"117":4,"118":4,"119":4,"120":4,"121":4,"122":4,"123":0,"124":0,"125":0,"126":0,"127":0,"128":0,"129":0,"130":1,"131":1,"132":1,"133":1,"134":1,"135":1,"136":1,"137":0,"138":0,"139":0,"140":0,"141":5,"142":15,"143":3,"144":3,"145":3,"146":1,"147":1,"148":0,"149":0,"150":0,"151":5},"f":{"0":4,"1":0,"2":0,"3":0,"4":0,"5":0,"6":0,"7":0,"8":0,"9":0,"10":0,"11":0,"12":0,"13":0,"14":0,"15":0,"16":0,"17":0,"18":0,"19":0,"20":5,"21":4,"22":4,"23":0,"24":1,"25":1,"26":1,"27":0,"28":0,"29":15,"30":3,"31":1,"32":1,"33":0,"34":0},"b":{"0":[4,0],"1":[0,4],"2":[0],"3":[0],"4":[0,0],"5":[0],"6":[0,0],"7":[0],"8":[0],"9":[0,0],"10":[0],"11":[0,0],"12":[0,0],"13":[0,0],"14":[0],"15":[0],"16":[0,0],"17":[0,0],"18":[0,0],"19":[0],"20":[0,0],"21":[0,0],"22":[0,0],"23":[0,0],"24":[0],"25":[0],"26":[0,0],"27":[0],"28":[0,0],"29":[0,0],"30":[0,0],"31":[0],"32":[0],"33":[0,0],"34":[0,0],"35":[0,0],"36":[0],"37":[0],"38":[0],"39":[0,0],"40":[1],"41":[4],"42":[4,4,4],"43":[0],"44":[0],"45":[1],"46":[1,1]}}
}
