{"C:\\Users\\chues\\OOP\\SVG-Animation-Library\\src\\animations.ts": {"path":"C:\\Users\\chues\\OOP\\SVG-Animation-Library\\src\\animations.ts","statementMap":{"0":{"start":{"line":1,"column":0},"end":{"line":1,"column":49}},"1":{"start":{"line":6,"column":20},"end":{"line":11,"column":null}},"2":{"start":{"line":15,"column":4},"end":{"line":24,"column":null}},"3":{"start":{"line":16,"column":6},"end":{"line":16,"column":85}},"4":{"start":{"line":16,"column":54},"end":{"line":16,"column":73}},"5":{"start":{"line":17,"column":6},"end":{"line":17,"column":77}},"6":{"start":{"line":17,"column":56},"end":{"line":17,"column":65}},"7":{"start":{"line":19,"column":6},"end":{"line":21,"column":null}},"8":{"start":{"line":20,"column":8},"end":{"line":20,"column":111}},"9":{"start":{"line":22,"column":6},"end":{"line":22,"column":48}},"10":{"start":{"line":23,"column":6},"end":{"line":23,"column":44}},"11":{"start":{"line":26,"column":4},"end":{"line":26,"column":33}},"12":{"start":{"line":4,"column":0},"end":{"line":4,"column":13}},"13":{"start":{"line":32,"column":20},"end":{"line":38,"column":null}},"14":{"start":{"line":41,"column":4},"end":{"line":50,"column":null}},"15":{"start":{"line":42,"column":6},"end":{"line":42,"column":85}},"16":{"start":{"line":42,"column":54},"end":{"line":42,"column":73}},"17":{"start":{"line":43,"column":6},"end":{"line":43,"column":77}},"18":{"start":{"line":43,"column":56},"end":{"line":43,"column":65}},"19":{"start":{"line":45,"column":6},"end":{"line":47,"column":null}},"20":{"start":{"line":46,"column":8},"end":{"line":46,"column":111}},"21":{"start":{"line":48,"column":6},"end":{"line":48,"column":48}},"22":{"start":{"line":49,"column":6},"end":{"line":49,"column":44}},"23":{"start":{"line":52,"column":4},"end":{"line":52,"column":42}},"24":{"start":{"line":30,"column":0},"end":{"line":30,"column":13}},"25":{"start":{"line":58,"column":4},"end":{"line":60,"column":null}},"26":{"start":{"line":59,"column":6},"end":{"line":59,"column":70}},"27":{"start":{"line":62,"column":4},"end":{"line":69,"column":7}},"28":{"start":{"line":72,"column":18},"end":{"line":72,"column":96}},"29":{"start":{"line":73,"column":4},"end":{"line":73,"column":20}},"30":{"start":{"line":56,"column":0},"end":{"line":56,"column":13}},"31":{"start":{"line":78,"column":2},"end":{"line":90,"column":null}},"32":{"start":{"line":80,"column":6},"end":{"line":80,"column":26}},"33":{"start":{"line":82,"column":6},"end":{"line":82,"column":26}},"34":{"start":{"line":84,"column":6},"end":{"line":84,"column":29}},"35":{"start":{"line":86,"column":6},"end":{"line":86,"column":31}},"36":{"start":{"line":89,"column":6},"end":{"line":89,"column":23}},"37":{"start":{"line":95,"column":2},"end":{"line":97,"column":null}},"38":{"start":{"line":96,"column":4},"end":{"line":96,"column":90}},"39":{"start":{"line":98,"column":2},"end":{"line":100,"column":null}},"40":{"start":{"line":99,"column":4},"end":{"line":99,"column":67}},"41":{"start":{"line":103,"column":2},"end":{"line":105,"column":null}},"42":{"start":{"line":104,"column":4},"end":{"line":104,"column":38}},"43":{"start":{"line":106,"column":2},"end":{"line":108,"column":null}},"44":{"start":{"line":107,"column":4},"end":{"line":107,"column":41}},"45":{"start":{"line":109,"column":2},"end":{"line":109,"column":30}},"46":{"start":{"line":93,"column":0},"end":{"line":93,"column":16}}},"fnMap":{"0":{"name":"(anonymous_0)","decl":{"start":{"line":5,"column":2},"end":{"line":5,"column":14}},"loc":{"start":{"line":5,"column":39},"end":{"line":27,"column":3}}},"1":{"name":"(anonymous_1)","decl":{"start":{"line":16,"column":48},"end":{"line":16,"column":50}},"loc":{"start":{"line":16,"column":54},"end":{"line":16,"column":73}}},"2":{"name":"(anonymous_2)","decl":{"start":{"line":17,"column":50},"end":{"line":17,"column":52}},"loc":{"start":{"line":17,"column":56},"end":{"line":17,"column":65}}},"3":{"name":"(anonymous_3)","decl":{"start":{"line":31,"column":2},"end":{"line":31,"column":14}},"loc":{"start":{"line":31,"column":39},"end":{"line":53,"column":3}}},"4":{"name":"(anonymous_4)","decl":{"start":{"line":42,"column":48},"end":{"line":42,"column":50}},"loc":{"start":{"line":42,"column":54},"end":{"line":42,"column":73}}},"5":{"name":"(anonymous_5)","decl":{"start":{"line":43,"column":50},"end":{"line":43,"column":52}},"loc":{"start":{"line":43,"column":56},"end":{"line":43,"column":65}}},"6":{"name":"(anonymous_6)","decl":{"start":{"line":57,"column":2},"end":{"line":57,"column":14}},"loc":{"start":{"line":57,"column":39},"end":{"line":74,"column":3}}},"7":{"name":"getKeySplines","decl":{"start":{"line":77,"column":9},"end":{"line":77,"column":22}},"loc":{"start":{"line":77,"column":57},"end":{"line":91,"column":1}}},"8":{"name":"createAnimation","decl":{"start":{"line":93,"column":16},"end":{"line":93,"column":31}},"loc":{"start":{"line":93,"column":57},"end":{"line":110,"column":1}}}},"branchMap":{"0":{"loc":{"start":{"line":9,"column":19},"end":{"line":9,"column":54}},"type":"binary-expr","locations":[{"start":{"line":9,"column":19},"end":{"line":9,"column":38}},{"start":{"line":9,"column":42},"end":{"line":9,"column":54}}]},"1":{"loc":{"start":{"line":10,"column":10},"end":{"line":10,"column":51}},"type":"binary-expr","locations":[{"start":{"line":10,"column":10},"end":{"line":10,"column":23}},{"start":{"line":10,"column":27},"end":{"line":10,"column":51}}]},"2":{"loc":{"start":{"line":11,"column":10},"end":{"line":11,"column":93}},"type":"binary-expr","locations":[{"start":{"line":11,"column":10},"end":{"line":11,"column":24}},{"start":{"line":11,"column":28},"end":{"line":11,"column":93}}]},"3":{"loc":{"start":{"line":15,"column":4},"end":{"line":24,"column":null}},"type":"if","locations":[{"start":{"line":15,"column":4},"end":{"line":24,"column":null}},{"start":{"line":18,"column":11},"end":{"line":24,"column":null}}]},"4":{"loc":{"start":{"line":15,"column":8},"end":{"line":15,"column":57}},"type":"binary-expr","locations":[{"start":{"line":15,"column":8},"end":{"line":15,"column":25}},{"start":{"line":15,"column":29},"end":{"line":15,"column":57}}]},"5":{"loc":{"start":{"line":19,"column":6},"end":{"line":21,"column":null}},"type":"if","locations":[{"start":{"line":19,"column":6},"end":{"line":21,"column":null}}]},"6":{"loc":{"start":{"line":19,"column":10},"end":{"line":19,"column":64}},"type":"binary-expr","locations":[{"start":{"line":19,"column":10},"end":{"line":19,"column":36}},{"start":{"line":19,"column":40},"end":{"line":19,"column":64}}]},"7":{"loc":{"start":{"line":34,"column":12},"end":{"line":34,"column":36}},"type":"cond-expr","locations":[{"start":{"line":34,"column":24},"end":{"line":34,"column":28}},{"start":{"line":34,"column":28},"end":{"line":34,"column":36}}]},"8":{"loc":{"start":{"line":34,"column":12},"end":{"line":34,"column":28}},"type":"binary-expr","locations":[{"start":{"line":34,"column":12},"end":{"line":34,"column":28}},{"start":{"line":34,"column":24},"end":{"line":34,"column":28}}]},"9":{"loc":{"start":{"line":36,"column":19},"end":{"line":36,"column":54}},"type":"binary-expr","locations":[{"start":{"line":36,"column":19},"end":{"line":36,"column":38}},{"start":{"line":36,"column":42},"end":{"line":36,"column":54}}]},"10":{"loc":{"start":{"line":37,"column":10},"end":{"line":37,"column":51}},"type":"binary-expr","locations":[{"start":{"line":37,"column":10},"end":{"line":37,"column":23}},{"start":{"line":37,"column":27},"end":{"line":37,"column":51}}]},"11":{"loc":{"start":{"line":38,"column":10},"end":{"line":38,"column":93}},"type":"binary-expr","locations":[{"start":{"line":38,"column":10},"end":{"line":38,"column":24}},{"start":{"line":38,"column":28},"end":{"line":38,"column":93}}]},"12":{"loc":{"start":{"line":41,"column":4},"end":{"line":50,"column":null}},"type":"if","locations":[{"start":{"line":41,"column":4},"end":{"line":50,"column":null}},{"start":{"line":44,"column":11},"end":{"line":50,"column":null}}]},"13":{"loc":{"start":{"line":41,"column":8},"end":{"line":41,"column":57}},"type":"binary-expr","locations":[{"start":{"line":41,"column":8},"end":{"line":41,"column":25}},{"start":{"line":41,"column":29},"end":{"line":41,"column":57}}]},"14":{"loc":{"start":{"line":45,"column":6},"end":{"line":47,"column":null}},"type":"if","locations":[{"start":{"line":45,"column":6},"end":{"line":47,"column":null}}]},"15":{"loc":{"start":{"line":45,"column":10},"end":{"line":45,"column":64}},"type":"binary-expr","locations":[{"start":{"line":45,"column":10},"end":{"line":45,"column":36}},{"start":{"line":45,"column":40},"end":{"line":45,"column":64}}]},"16":{"loc":{"start":{"line":58,"column":4},"end":{"line":60,"column":null}},"type":"if","locations":[{"start":{"line":58,"column":4},"end":{"line":60,"column":null}}]},"17":{"loc":{"start":{"line":64,"column":19},"end":{"line":64,"column":54}},"type":"binary-expr","locations":[{"start":{"line":64,"column":19},"end":{"line":64,"column":38}},{"start":{"line":64,"column":42},"end":{"line":64,"column":54}}]},"18":{"loc":{"start":{"line":65,"column":10},"end":{"line":65,"column":51}},"type":"binary-expr","locations":[{"start":{"line":65,"column":10},"end":{"line":65,"column":23}},{"start":{"line":65,"column":27},"end":{"line":65,"column":51}}]},"19":{"loc":{"start":{"line":66,"column":10},"end":{"line":66,"column":93}},"type":"binary-expr","locations":[{"start":{"line":66,"column":10},"end":{"line":66,"column":24}},{"start":{"line":66,"column":28},"end":{"line":66,"column":93}}]},"20":{"loc":{"start":{"line":67,"column":10},"end":{"line":67,"column":87}},"type":"binary-expr","locations":[{"start":{"line":67,"column":10},"end":{"line":67,"column":35}},{"start":{"line":67,"column":39},"end":{"line":67,"column":87}}]},"21":{"loc":{"start":{"line":68,"column":10},"end":{"line":68,"column":134}},"type":"binary-expr","locations":[{"start":{"line":68,"column":10},"end":{"line":68,"column":48}},{"start":{"line":68,"column":52},"end":{"line":68,"column":134}}]},"22":{"loc":{"start":{"line":68,"column":93},"end":{"line":68,"column":132}},"type":"cond-expr","locations":[{"start":{"line":68,"column":120},"end":{"line":68,"column":126}},{"start":{"line":68,"column":129},"end":{"line":68,"column":132}}]},"23":{"loc":{"start":{"line":78,"column":2},"end":{"line":90,"column":null}},"type":"switch","locations":[{"start":{"line":79,"column":4},"end":{"line":80,"column":26}},{"start":{"line":81,"column":4},"end":{"line":82,"column":26}},{"start":{"line":83,"column":4},"end":{"line":84,"column":29}},{"start":{"line":85,"column":4},"end":{"line":86,"column":31}},{"start":{"line":87,"column":4},"end":{"line":87,"column":18}},{"start":{"line":88,"column":4},"end":{"line":89,"column":23}}]},"24":{"loc":{"start":{"line":95,"column":2},"end":{"line":97,"column":null}},"type":"if","locations":[{"start":{"line":95,"column":2},"end":{"line":97,"column":null}}]},"25":{"loc":{"start":{"line":95,"column":6},"end":{"line":95,"column":47}},"type":"binary-expr","locations":[{"start":{"line":95,"column":6},"end":{"line":95,"column":25}},{"start":{"line":95,"column":29},"end":{"line":95,"column":47}}]},"26":{"loc":{"start":{"line":98,"column":2},"end":{"line":100,"column":null}},"type":"if","locations":[{"start":{"line":98,"column":2},"end":{"line":100,"column":null}}]},"27":{"loc":{"start":{"line":103,"column":2},"end":{"line":105,"column":null}},"type":"if","locations":[{"start":{"line":103,"column":2},"end":{"line":105,"column":null}}]},"28":{"loc":{"start":{"line":106,"column":2},"end":{"line":108,"column":null}},"type":"if","locations":[{"start":{"line":106,"column":2},"end":{"line":108,"column":null}}]}},"s":{"0":4,"1":3,"2":3,"3":0,"4":0,"5":0,"6":0,"7":3,"8":0,"9":3,"10":3,"11":3,"12":4,"13":2,"14":2,"15":0,"16":0,"17":0,"18":0,"19":2,"20":0,"21":2,"22":2,"23":2,"24":4,"25":1,"26":0,"27":1,"28":1,"29":1,"30":4,"31":0,"32":0,"33":0,"34":0,"35":0,"36":0,"37":6,"38":0,"39":6,"40":0,"41":6,"42":1,"43":5,"44":2,"45":3,"46":4},"f":{"0":3,"1":0,"2":0,"3":2,"4":0,"5":0,"6":1,"7":0,"8":6},"b":{"0":[3,2],"1":[3,0],"2":[3,0],"3":[0,3],"4":[3,0],"5":[0],"6":[3,3],"7":[2,0],"8":[2,2],"9":[2,2],"10":[2,0],"11":[2,0],"12":[0,2],"13":[2,0],"14":[0],"15":[2,2],"16":[0],"17":[1,1],"18":[1,0],"19":[1,0],"20":[1,0],"21":[1,0],"22":[0,0],"23":[0,0,0,0,0,0],"24":[0],"25":[6,5],"26":[0],"27":[1],"28":[2]}}
,"C:\\Users\\chues\\OOP\\SVG-Animation-Library\\src\\elements.ts": {"path":"C:\\Users\\chues\\OOP\\SVG-Animation-Library\\src\\elements.ts","statementMap":{"0":{"start":{"line":1,"column":0},"end":{"line":1,"column":9}},"1":{"start":{"line":44,"column":29},"end":{"line":1,"column":49}},"2":{"start":{"line":6,"column":4},"end":{"line":6,"column":32}},"3":{"start":{"line":10,"column":4},"end":{"line":10,"column":71}},"4":{"start":{"line":4,"column":0},"end":{"line":4,"column":13}},"5":{"start":{"line":16,"column":4},"end":{"line":16,"column":30}},"6":{"start":{"line":20,"column":4},"end":{"line":20,"column":69}},"7":{"start":{"line":14,"column":0},"end":{"line":14,"column":13}},"8":{"start":{"line":26,"column":4},"end":{"line":26,"column":30}},"9":{"start":{"line":30,"column":4},"end":{"line":30,"column":69}},"10":{"start":{"line":24,"column":0},"end":{"line":24,"column":13}},"11":{"start":{"line":36,"column":4},"end":{"line":36,"column":30}},"12":{"start":{"line":40,"column":4},"end":{"line":40,"column":69}},"13":{"start":{"line":34,"column":0},"end":{"line":34,"column":13}}},"fnMap":{"0":{"name":"(anonymous_0)","decl":{"start":{"line":44,"column":29},"end":{"line":44,"column":39}},"loc":{"start":{"line":44,"column":29},"end":{"line":1,"column":49}}},"1":{"name":"(anonymous_1)","decl":{"start":{"line":5,"column":2},"end":{"line":5,"column":14}},"loc":{"start":{"line":5,"column":57},"end":{"line":7,"column":3}}},"2":{"name":"(anonymous_2)","decl":{"start":{"line":9,"column":2},"end":{"line":9,"column":9}},"loc":{"start":{"line":9,"column":35},"end":{"line":11,"column":3}}},"3":{"name":"(anonymous_3)","decl":{"start":{"line":15,"column":2},"end":{"line":15,"column":14}},"loc":{"start":{"line":15,"column":57},"end":{"line":17,"column":3}}},"4":{"name":"(anonymous_4)","decl":{"start":{"line":19,"column":2},"end":{"line":19,"column":9}},"loc":{"start":{"line":19,"column":35},"end":{"line":21,"column":3}}},"5":{"name":"(anonymous_5)","decl":{"start":{"line":25,"column":2},"end":{"line":25,"column":14}},"loc":{"start":{"line":25,"column":57},"end":{"line":27,"column":3}}},"6":{"name":"(anonymous_6)","decl":{"start":{"line":29,"column":2},"end":{"line":29,"column":9}},"loc":{"start":{"line":29,"column":35},"end":{"line":31,"column":3}}},"7":{"name":"(anonymous_7)","decl":{"start":{"line":35,"column":2},"end":{"line":35,"column":14}},"loc":{"start":{"line":35,"column":57},"end":{"line":37,"column":3}}},"8":{"name":"(anonymous_8)","decl":{"start":{"line":39,"column":2},"end":{"line":39,"column":9}},"loc":{"start":{"line":39,"column":35},"end":{"line":41,"column":3}}}},"branchMap":{},"s":{"0":4,"1":8,"2":8,"3":0,"4":4,"5":3,"6":0,"7":4,"8":1,"9":0,"10":4,"11":1,"12":0,"13":4},"f":{"0":4,"1":8,"2":0,"3":3,"4":0,"5":1,"6":0,"7":1,"8":0},"b":{}}
,"C:\\Users\\chues\\OOP\\SVG-Animation-Library\\src\\index.ts": {"path":"C:\\Users\\chues\\OOP\\SVG-Animation-Library\\src\\index.ts","statementMap":{"0":{"start":{"line":1,"column":0},"end":{"line":1,"column":9}},"1":{"start":{"line":1,"column":9},"end":{"line":1,"column":28}},"2":{"start":{"line":2,"column":0},"end":{"line":2,"column":9}},"3":{"start":{"line":2,"column":9},"end":{"line":2,"column":39}},"4":{"start":{"line":3,"column":0},"end":{"line":3,"column":9}},"5":{"start":{"line":3,"column":9},"end":{"line":3,"column":17}},"6":{"start":{"line":3,"column":17},"end":{"line":3,"column":23}},"7":{"start":{"line":3,"column":23},"end":{"line":3,"column":29}},"8":{"start":{"line":3,"column":29},"end":{"line":3,"column":54}},"9":{"start":{"line":4,"column":0},"end":{"line":4,"column":9}},"10":{"start":{"line":4,"column":9},"end":{"line":4,"column":18}},"11":{"start":{"line":4,"column":18},"end":{"line":4,"column":36}},"12":{"start":{"line":4,"column":36},"end":{"line":4,"column":72}},"13":{"start":{"line":6,"column":0},"end":{"line":6,"column":9}},"14":{"start":{"line":6,"column":9},"end":{"line":6,"column":50}},"15":{"start":{"line":7,"column":0},"end":{"line":7,"column":9}},"16":{"start":{"line":7,"column":9},"end":{"line":7,"column":19}},"17":{"start":{"line":7,"column":19},"end":{"line":7,"column":54}}},"fnMap":{"0":{"name":"(anonymous_0)","decl":{"start":{"line":1,"column":9},"end":{"line":1,"column":12}},"loc":{"start":{"line":1,"column":9},"end":{"line":1,"column":28}}},"1":{"name":"(anonymous_1)","decl":{"start":{"line":2,"column":9},"end":{"line":2,"column":25}},"loc":{"start":{"line":2,"column":9},"end":{"line":2,"column":39}}},"2":{"name":"(anonymous_2)","decl":{"start":{"line":3,"column":9},"end":{"line":3,"column":15}},"loc":{"start":{"line":3,"column":9},"end":{"line":3,"column":17}}},"3":{"name":"(anonymous_3)","decl":{"start":{"line":3,"column":17},"end":{"line":3,"column":21}},"loc":{"start":{"line":3,"column":17},"end":{"line":3,"column":23}}},"4":{"name":"(anonymous_4)","decl":{"start":{"line":3,"column":23},"end":{"line":3,"column":27}},"loc":{"start":{"line":3,"column":23},"end":{"line":3,"column":29}}},"5":{"name":"(anonymous_5)","decl":{"start":{"line":3,"column":29},"end":{"line":3,"column":33}},"loc":{"start":{"line":3,"column":29},"end":{"line":3,"column":54}}},"6":{"name":"(anonymous_6)","decl":{"start":{"line":4,"column":9},"end":{"line":4,"column":16}},"loc":{"start":{"line":4,"column":9},"end":{"line":4,"column":18}}},"7":{"name":"(anonymous_7)","decl":{"start":{"line":4,"column":18},"end":{"line":4,"column":34}},"loc":{"start":{"line":4,"column":18},"end":{"line":4,"column":36}}},"8":{"name":"(anonymous_8)","decl":{"start":{"line":4,"column":36},"end":{"line":4,"column":49}},"loc":{"start":{"line":4,"column":36},"end":{"line":4,"column":72}}},"9":{"name":"(anonymous_9)","decl":{"start":{"line":6,"column":9},"end":{"line":6,"column":24}},"loc":{"start":{"line":6,"column":9},"end":{"line":6,"column":50}}},"10":{"name":"(anonymous_10)","decl":{"start":{"line":7,"column":9},"end":{"line":7,"column":17}},"loc":{"start":{"line":7,"column":9},"end":{"line":7,"column":19}}},"11":{"name":"(anonymous_11)","decl":{"start":{"line":7,"column":19},"end":{"line":7,"column":33}},"loc":{"start":{"line":7,"column":19},"end":{"line":7,"column":54}}}},"branchMap":{},"s":{"0":4,"1":15,"2":4,"3":8,"4":4,"5":4,"6":4,"7":4,"8":4,"9":4,"10":4,"11":4,"12":4,"13":4,"14":4,"15":4,"16":4,"17":4},"f":{"0":11,"1":4,"2":0,"3":0,"4":0,"5":0,"6":0,"7":0,"8":0,"9":0,"10":0,"11":0},"b":{}}
,"C:\\Users\\chues\\OOP\\SVG-Animation-Library\\src\\react-adapter.ts": {"path":"C:\\Users\\chues\\OOP\\SVG-Animation-Library\\src\\react-adapter.ts","statementMap":{"0":{"start":{"line":1,"column":0},"end":{"line":1,"column":42}},"1":{"start":{"line":2,"column":0},"end":{"line":2,"column":28}},"2":{"start":{"line":15,"column":17},"end":{"line":15,"column":41}},"3":{"start":{"line":17,"column":2},"end":{"line":60,"column":21}},"4":{"start":{"line":18,"column":4},"end":{"line":52,"column":null}},"5":{"start":{"line":20,"column":6},"end":{"line":20,"column":81}},"6":{"start":{"line":23,"column":6},"end":{"line":47,"column":9}},"7":{"start":{"line":25,"column":8},"end":{"line":40,"column":null}},"8":{"start":{"line":27,"column":12},"end":{"line":27,"column":68}},"9":{"start":{"line":28,"column":12},"end":{"line":28,"column":18}},"10":{"start":{"line":30,"column":12},"end":{"line":30,"column":66}},"11":{"start":{"line":31,"column":12},"end":{"line":31,"column":18}},"12":{"start":{"line":33,"column":12},"end":{"line":33,"column":66}},"13":{"start":{"line":34,"column":12},"end":{"line":34,"column":18}},"14":{"start":{"line":36,"column":12},"end":{"line":36,"column":66}},"15":{"start":{"line":37,"column":12},"end":{"line":37,"column":18}},"16":{"start":{"line":39,"column":12},"end":{"line":39,"column":73}},"17":{"start":{"line":42,"column":8},"end":{"line":46,"column":null}},"18":{"start":{"line":43,"column":10},"end":{"line":45,"column":13}},"19":{"start":{"line":44,"column":12},"end":{"line":44,"column":64}},"20":{"start":{"line":50,"column":24},"end":{"line":50,"column":49}},"21":{"start":{"line":51,"column":6},"end":{"line":51,"column":40}},"22":{"start":{"line":54,"column":4},"end":{"line":59,"column":6}},"23":{"start":{"line":56,"column":6},"end":{"line":58,"column":null}},"24":{"start":{"line":57,"column":8},"end":{"line":57,"column":35}},"25":{"start":{"line":62,"column":2},"end":{"line":62,"column":24}},"26":{"start":{"line":6,"column":0},"end":{"line":6,"column":16}}},"fnMap":{"0":{"name":"useSvgAnimation","decl":{"start":{"line":6,"column":16},"end":{"line":6,"column":31}},"loc":{"start":{"line":14,"column":1},"end":{"line":63,"column":1}}},"1":{"name":"(anonymous_1)","decl":{"start":{"line":17,"column":12},"end":{"line":17,"column":15}},"loc":{"start":{"line":17,"column":17},"end":{"line":60,"column":3}}},"2":{"name":"(anonymous_2)","decl":{"start":{"line":23,"column":31},"end":{"line":23,"column":38}},"loc":{"start":{"line":23,"column":41},"end":{"line":47,"column":7}}},"3":{"name":"(anonymous_3)","decl":{"start":{"line":43,"column":37},"end":{"line":43,"column":46}},"loc":{"start":{"line":43,"column":49},"end":{"line":45,"column":11}}},"4":{"name":"(anonymous_4)","decl":{"start":{"line":54,"column":11},"end":{"line":54,"column":14}},"loc":{"start":{"line":54,"column":16},"end":{"line":59,"column":5}}}},"branchMap":{"0":{"loc":{"start":{"line":18,"column":4},"end":{"line":52,"column":null}},"type":"if","locations":[{"start":{"line":18,"column":4},"end":{"line":52,"column":null}}]},"1":{"loc":{"start":{"line":25,"column":8},"end":{"line":40,"column":null}},"type":"switch","locations":[{"start":{"line":26,"column":10},"end":{"line":28,"column":18}},{"start":{"line":29,"column":10},"end":{"line":31,"column":18}},{"start":{"line":32,"column":10},"end":{"line":34,"column":18}},{"start":{"line":35,"column":10},"end":{"line":37,"column":18}},{"start":{"line":38,"column":10},"end":{"line":39,"column":73}}]},"2":{"loc":{"start":{"line":42,"column":8},"end":{"line":46,"column":null}},"type":"if","locations":[{"start":{"line":42,"column":8},"end":{"line":46,"column":null}}]},"3":{"loc":{"start":{"line":56,"column":6},"end":{"line":58,"column":null}},"type":"if","locations":[{"start":{"line":56,"column":6},"end":{"line":58,"column":null}}]}},"s":{"0":4,"1":4,"2":0,"3":0,"4":0,"5":0,"6":0,"7":0,"8":0,"9":0,"10":0,"11":0,"12":0,"13":0,"14":0,"15":0,"16":0,"17":0,"18":0,"19":0,"20":0,"21":0,"22":0,"23":0,"24":0,"25":0,"26":4},"f":{"0":0,"1":0,"2":0,"3":0,"4":0},"b":{"0":[0],"1":[0,0,0,0,0],"2":[0],"3":[0]}}
,"C:\\Users\\chues\\OOP\\SVG-Animation-Library\\src\\svg-element.ts": {"path":"C:\\Users\\chues\\OOP\\SVG-Animation-Library\\src\\svg-element.ts","statementMap":{"0":{"start":{"line":9,"column":4},"end":{"line":9,"column":25}},"1":{"start":{"line":12,"column":4},"end":{"line":12,"column":30}},"2":{"start":{"line":15,"column":4},"end":{"line":15,"column":24}},"3":{"start":{"line":6,"column":12},"end":{"line":6,"column":46}},"4":{"start":{"line":18,"column":4},"end":{"line":18,"column":27}},"5":{"start":{"line":19,"column":4},"end":{"line":19,"column":25}},"6":{"start":{"line":20,"column":4},"end":{"line":24,"column":null}},"7":{"start":{"line":21,"column":6},"end":{"line":23,"column":null}},"8":{"start":{"line":22,"column":8},"end":{"line":22,"column":84}},"9":{"start":{"line":28,"column":4},"end":{"line":28,"column":30}},"10":{"start":{"line":29,"column":4},"end":{"line":29,"column":16}},"11":{"start":{"line":33,"column":18},"end":{"line":33,"column":46}},"12":{"start":{"line":34,"column":4},"end":{"line":36,"column":null}},"13":{"start":{"line":35,"column":6},"end":{"line":35,"column":37}},"14":{"start":{"line":37,"column":4},"end":{"line":37,"column":16}},"15":{"start":{"line":41,"column":4},"end":{"line":41,"column":96}},"16":{"start":{"line":45,"column":18},"end":{"line":48,"column":16}},"17":{"start":{"line":46,"column":26},"end":{"line":46,"column":41}},"18":{"start":{"line":47,"column":23},"end":{"line":47,"column":36}},"19":{"start":{"line":49,"column":24},"end":{"line":49,"column":69}},"20":{"start":{"line":49,"column":47},"end":{"line":49,"column":59}},"21":{"start":{"line":50,"column":4},"end":{"line":50,"column":72}},"22":{"start":{"line":3,"column":0},"end":{"line":3,"column":13}}},"fnMap":{"0":{"name":"(anonymous_0)","decl":{"start":{"line":8,"column":9},"end":{"line":8,"column":20}},"loc":{"start":{"line":8,"column":20},"end":{"line":10,"column":3}}},"1":{"name":"(anonymous_1)","decl":{"start":{"line":11,"column":9},"end":{"line":11,"column":17}},"loc":{"start":{"line":11,"column":41},"end":{"line":13,"column":3}}},"2":{"name":"(anonymous_2)","decl":{"start":{"line":14,"column":9},"end":{"line":14,"column":19}},"loc":{"start":{"line":14,"column":19},"end":{"line":16,"column":3}}},"3":{"name":"(anonymous_3)","decl":{"start":{"line":17,"column":2},"end":{"line":17,"column":14}},"loc":{"start":{"line":17,"column":79},"end":{"line":25,"column":3}}},"4":{"name":"(anonymous_4)","decl":{"start":{"line":27,"column":2},"end":{"line":27,"column":5}},"loc":{"start":{"line":27,"column":29},"end":{"line":30,"column":3}}},"5":{"name":"(anonymous_5)","decl":{"start":{"line":32,"column":2},"end":{"line":32,"column":13}},"loc":{"start":{"line":32,"column":37},"end":{"line":38,"column":3}}},"6":{"name":"(anonymous_6)","decl":{"start":{"line":40,"column":2},"end":{"line":40,"column":9}},"loc":{"start":{"line":40,"column":35},"end":{"line":42,"column":3}}},"7":{"name":"(anonymous_7)","decl":{"start":{"line":44,"column":2},"end":{"line":44,"column":10}},"loc":{"start":{"line":44,"column":10},"end":{"line":51,"column":3}}},"8":{"name":"(anonymous_8)","decl":{"start":{"line":46,"column":14},"end":{"line":46,"column":15}},"loc":{"start":{"line":46,"column":26},"end":{"line":46,"column":41}}},"9":{"name":"(anonymous_9)","decl":{"start":{"line":47,"column":11},"end":{"line":47,"column":12}},"loc":{"start":{"line":47,"column":23},"end":{"line":47,"column":36}}},"10":{"name":"(anonymous_10)","decl":{"start":{"line":49,"column":42},"end":{"line":49,"column":43}},"loc":{"start":{"line":49,"column":47},"end":{"line":49,"column":59}}}},"branchMap":{"0":{"loc":{"start":{"line":17,"column":31},"end":{"line":17,"column":79}},"type":"default-arg","locations":[{"start":{"line":17,"column":77},"end":{"line":17,"column":79}}]},"1":{"loc":{"start":{"line":21,"column":6},"end":{"line":23,"column":null}},"type":"if","locations":[{"start":{"line":21,"column":6},"end":{"line":23,"column":null}}]},"2":{"loc":{"start":{"line":22,"column":31},"end":{"line":22,"column":83}},"type":"cond-expr","locations":[{"start":{"line":22,"column":59},"end":{"line":22,"column":75}},{"start":{"line":22,"column":78},"end":{"line":22,"column":83}}]},"3":{"loc":{"start":{"line":34,"column":4},"end":{"line":36,"column":null}},"type":"if","locations":[{"start":{"line":34,"column":4},"end":{"line":36,"column":null}}]}},"s":{"0":0,"1":0,"2":4,"3":31,"4":31,"5":31,"6":31,"7":96,"8":96,"9":20,"10":20,"11":0,"12":0,"13":0,"14":0,"15":0,"16":23,"17":76,"18":76,"19":23,"20":16,"21":23,"22":4},"f":{"0":0,"1":0,"2":4,"3":31,"4":20,"5":0,"6":0,"7":23,"8":76,"9":76,"10":16},"b":{"0":[0],"1":[96],"2":[62,34],"3":[0]}}
,"C:\\Users\\chues\\OOP\\SVG-Animation-Library\\src\\svg.ts": {"path":"C:\\Users\\chues\\OOP\\SVG-Animation-Library\\src\\svg.ts","statementMap":{"0":{"start":{"line":1,"column":0},"end":{"line":1,"column":66}},"1":{"start":{"line":3,"column":0},"end":{"line":3,"column":47}},"2":{"start":{"line":4,"column":0},"end":{"line":4,"column":61}},"3":{"start":{"line":10,"column":4},"end":{"line":10,"column":29}},"4":{"start":{"line":11,"column":4},"end":{"line":11,"column":43}},"5":{"start":{"line":15,"column":19},"end":{"line":15,"column":41}},"6":{"start":{"line":16,"column":4},"end":{"line":16,"column":21}},"7":{"start":{"line":17,"column":4},"end":{"line":17,"column":18}},"8":{"start":{"line":21,"column":17},"end":{"line":21,"column":37}},"9":{"start":{"line":22,"column":4},"end":{"line":22,"column":19}},"10":{"start":{"line":23,"column":4},"end":{"line":23,"column":16}},"11":{"start":{"line":27,"column":17},"end":{"line":27,"column":37}},"12":{"start":{"line":28,"column":4},"end":{"line":28,"column":19}},"13":{"start":{"line":29,"column":4},"end":{"line":29,"column":16}},"14":{"start":{"line":33,"column":17},"end":{"line":33,"column":37}},"15":{"start":{"line":34,"column":4},"end":{"line":34,"column":19}},"16":{"start":{"line":35,"column":4},"end":{"line":35,"column":16}},"17":{"start":{"line":39,"column":22},"end":{"line":39,"column":46}},"18":{"start":{"line":40,"column":4},"end":{"line":40,"column":24}},"19":{"start":{"line":41,"column":4},"end":{"line":41,"column":21}},"20":{"start":{"line":45,"column":22},"end":{"line":45,"column":46}},"21":{"start":{"line":46,"column":4},"end":{"line":46,"column":27}},"22":{"start":{"line":47,"column":4},"end":{"line":47,"column":21}},"23":{"start":{"line":51,"column":4},"end":{"line":51,"column":51}},"24":{"start":{"line":55,"column":4},"end":{"line":55,"column":36}},"25":{"start":{"line":6,"column":0},"end":{"line":6,"column":13}}},"fnMap":{"0":{"name":"(anonymous_0)","decl":{"start":{"line":9,"column":2},"end":{"line":9,"column":14}},"loc":{"start":{"line":9,"column":57},"end":{"line":12,"column":3}}},"1":{"name":"(anonymous_1)","decl":{"start":{"line":14,"column":2},"end":{"line":14,"column":8}},"loc":{"start":{"line":14,"column":52},"end":{"line":18,"column":3}}},"2":{"name":"(anonymous_2)","decl":{"start":{"line":20,"column":2},"end":{"line":20,"column":6}},"loc":{"start":{"line":20,"column":50},"end":{"line":24,"column":3}}},"3":{"name":"(anonymous_3)","decl":{"start":{"line":26,"column":2},"end":{"line":26,"column":6}},"loc":{"start":{"line":26,"column":50},"end":{"line":30,"column":3}}},"4":{"name":"(anonymous_4)","decl":{"start":{"line":32,"column":2},"end":{"line":32,"column":6}},"loc":{"start":{"line":32,"column":50},"end":{"line":36,"column":3}}},"5":{"name":"(anonymous_5)","decl":{"start":{"line":38,"column":2},"end":{"line":38,"column":9}},"loc":{"start":{"line":38,"column":35},"end":{"line":42,"column":3}}},"6":{"name":"(anonymous_6)","decl":{"start":{"line":44,"column":2},"end":{"line":44,"column":14}},"loc":{"start":{"line":44,"column":61},"end":{"line":48,"column":3}}},"7":{"name":"(anonymous_7)","decl":{"start":{"line":50,"column":2},"end":{"line":50,"column":10}},"loc":{"start":{"line":50,"column":41},"end":{"line":52,"column":3}}},"8":{"name":"(anonymous_8)","decl":{"start":{"line":54,"column":2},"end":{"line":54,"column":16}},"loc":{"start":{"line":54,"column":16},"end":{"line":56,"column":3}}}},"branchMap":{},"s":{"0":4,"1":4,"2":4,"3":11,"4":11,"5":8,"6":8,"7":8,"8":3,"9":3,"10":3,"11":1,"12":1,"13":1,"14":1,"15":1,"16":1,"17":0,"18":0,"19":0,"20":5,"21":5,"22":5,"23":1,"24":0,"25":4},"f":{"0":11,"1":8,"2":3,"3":1,"4":1,"5":0,"6":5,"7":1,"8":0},"b":{}}
,"C:\\Users\\chues\\OOP\\SVG-Animation-Library\\src\\timeline.ts": {"path":"C:\\Users\\chues\\OOP\\SVG-Animation-Library\\src\\timeline.ts","statementMap":{"0":{"start":{"line":1,"column":0},"end":{"line":1,"column":49}},"1":{"start":{"line":3,"column":0},"end":{"line":3,"column":47}},"2":{"start":{"line":27,"column":10},"end":{"line":27,"column":64}},"3":{"start":{"line":30,"column":4},"end":{"line":30,"column":35}},"4":{"start":{"line":31,"column":4},"end":{"line":31,"column":33}},"5":{"start":{"line":32,"column":4},"end":{"line":32,"column":35}},"6":{"start":{"line":34,"column":4},"end":{"line":38,"column":null}},"7":{"start":{"line":35,"column":6},"end":{"line":35,"column":26}},"8":{"start":{"line":37,"column":6},"end":{"line":37,"column":30}},"9":{"start":{"line":42,"column":4},"end":{"line":42,"column":30}},"10":{"start":{"line":42,"column":23},"end":{"line":42,"column":30}},"11":{"start":{"line":44,"column":4},"end":{"line":80,"column":null}},"12":{"start":{"line":45,"column":21},"end":{"line":45,"column":95}},"13":{"start":{"line":46,"column":6},"end":{"line":46,"column":26}},"14":{"start":{"line":46,"column":19},"end":{"line":46,"column":26}},"15":{"start":{"line":48,"column":24},"end":{"line":48,"column":53}},"16":{"start":{"line":49,"column":23},"end":{"line":61,"column":null}},"17":{"start":{"line":51,"column":10},"end":{"line":59,"column":13}},"18":{"start":{"line":52,"column":12},"end":{"line":58,"column":null}},"19":{"start":{"line":53,"column":14},"end":{"line":55,"column":null}},"20":{"start":{"line":54,"column":16},"end":{"line":54,"column":40}},"21":{"start":{"line":56,"column":19},"end":{"line":58,"column":null}},"22":{"start":{"line":57,"column":14},"end":{"line":57,"column":37}},"23":{"start":{"line":64,"column":6},"end":{"line":68,"column":null}},"24":{"start":{"line":65,"column":8},"end":{"line":65,"column":51}},"25":{"start":{"line":66,"column":13},"end":{"line":68,"column":null}},"26":{"start":{"line":67,"column":8},"end":{"line":67,"column":33}},"27":{"start":{"line":69,"column":11},"end":{"line":80,"column":null}},"28":{"start":{"line":70,"column":21},"end":{"line":70,"column":93}},"29":{"start":{"line":71,"column":6},"end":{"line":71,"column":26}},"30":{"start":{"line":71,"column":19},"end":{"line":71,"column":26}},"31":{"start":{"line":73,"column":6},"end":{"line":79,"column":9}},"32":{"start":{"line":74,"column":8},"end":{"line":78,"column":null}},"33":{"start":{"line":75,"column":10},"end":{"line":75,"column":34}},"34":{"start":{"line":77,"column":10},"end":{"line":77,"column":33}},"35":{"start":{"line":84,"column":4},"end":{"line":84,"column":36}},"36":{"start":{"line":84,"column":29},"end":{"line":84,"column":36}},"37":{"start":{"line":86,"column":4},"end":{"line":86,"column":30}},"38":{"start":{"line":87,"column":28},"end":{"line":87,"column":47}},"39":{"start":{"line":88,"column":4},"end":{"line":91,"column":7}},"40":{"start":{"line":89,"column":24},"end":{"line":89,"column":71}},"41":{"start":{"line":90,"column":6},"end":{"line":90,"column":34}},"42":{"start":{"line":95,"column":21},"end":{"line":95,"column":47}},"43":{"start":{"line":96,"column":4},"end":{"line":98,"column":6}},"44":{"start":{"line":97,"column":6},"end":{"line":97,"column":123}},"45":{"start":{"line":23,"column":0},"end":{"line":23,"column":13}},"46":{"start":{"line":103,"column":10},"end":{"line":103,"column":40}},"47":{"start":{"line":106,"column":18},"end":{"line":106,"column":45}},"48":{"start":{"line":107,"column":4},"end":{"line":107,"column":28}},"49":{"start":{"line":108,"column":4},"end":{"line":108,"column":17}},"50":{"start":{"line":112,"column":4},"end":{"line":112,"column":47}},"51":{"start":{"line":112,"column":33},"end":{"line":112,"column":45}},"52":{"start":{"line":102,"column":0},"end":{"line":102,"column":13}}},"fnMap":{"0":{"name":"(anonymous_0)","decl":{"start":{"line":29,"column":2},"end":{"line":29,"column":14}},"loc":{"start":{"line":29,"column":44},"end":{"line":39,"column":3}}},"1":{"name":"(anonymous_1)","decl":{"start":{"line":41,"column":10},"end":{"line":41,"column":22}},"loc":{"start":{"line":41,"column":22},"end":{"line":81,"column":3}}},"2":{"name":"(anonymous_2)","decl":{"start":{"line":50,"column":8},"end":{"line":50,"column":9}},"loc":{"start":{"line":50,"column":20},"end":{"line":60,"column":9}}},"3":{"name":"(anonymous_3)","decl":{"start":{"line":51,"column":26},"end":{"line":51,"column":31}},"loc":{"start":{"line":51,"column":34},"end":{"line":59,"column":11}}},"4":{"name":"(anonymous_4)","decl":{"start":{"line":73,"column":39},"end":{"line":73,"column":42}},"loc":{"start":{"line":73,"column":44},"end":{"line":79,"column":7}}},"5":{"name":"(anonymous_5)","decl":{"start":{"line":83,"column":10},"end":{"line":83,"column":19}},"loc":{"start":{"line":83,"column":52},"end":{"line":92,"column":3}}},"6":{"name":"(anonymous_6)","decl":{"start":{"line":88,"column":44},"end":{"line":88,"column":45}},"loc":{"start":{"line":88,"column":63},"end":{"line":91,"column":5}}},"7":{"name":"(anonymous_7)","decl":{"start":{"line":94,"column":9},"end":{"line":94,"column":13}},"loc":{"start":{"line":94,"column":13},"end":{"line":99,"column":3}}},"8":{"name":"(anonymous_8)","decl":{"start":{"line":96,"column":20},"end":{"line":96,"column":21}},"loc":{"start":{"line":97,"column":6},"end":{"line":97,"column":123}}},"9":{"name":"(anonymous_9)","decl":{"start":{"line":102,"column":0},"end":{"line":102,"column":13}},"loc":{"start":{"line":102,"column":0},"end":{"line":114,"column":1}}},"10":{"name":"(anonymous_10)","decl":{"start":{"line":105,"column":2},"end":{"line":105,"column":10}},"loc":{"start":{"line":105,"column":41},"end":{"line":109,"column":3}}},"11":{"name":"(anonymous_11)","decl":{"start":{"line":111,"column":2},"end":{"line":111,"column":9}},"loc":{"start":{"line":111,"column":9},"end":{"line":113,"column":3}}},"12":{"name":"(anonymous_12)","decl":{"start":{"line":112,"column":24},"end":{"line":112,"column":29}},"loc":{"start":{"line":112,"column":33},"end":{"line":112,"column":45}}}},"branchMap":{"0":{"loc":{"start":{"line":34,"column":4},"end":{"line":38,"column":null}},"type":"if","locations":[{"start":{"line":34,"column":4},"end":{"line":38,"column":null}},{"start":{"line":36,"column":11},"end":{"line":38,"column":null}}]},"1":{"loc":{"start":{"line":42,"column":4},"end":{"line":42,"column":30}},"type":"if","locations":[{"start":{"line":42,"column":4},"end":{"line":42,"column":30}}]},"2":{"loc":{"start":{"line":44,"column":4},"end":{"line":80,"column":null}},"type":"if","locations":[{"start":{"line":44,"column":4},"end":{"line":80,"column":null}},{"start":{"line":69,"column":11},"end":{"line":80,"column":null}}]},"3":{"loc":{"start":{"line":45,"column":21},"end":{"line":45,"column":95}},"type":"cond-expr","locations":[{"start":{"line":45,"column":43},"end":{"line":45,"column":86}},{"start":{"line":45,"column":89},"end":{"line":45,"column":95}}]},"4":{"loc":{"start":{"line":46,"column":6},"end":{"line":46,"column":26}},"type":"if","locations":[{"start":{"line":46,"column":6},"end":{"line":46,"column":26}}]},"5":{"loc":{"start":{"line":48,"column":24},"end":{"line":48,"column":53}},"type":"cond-expr","locations":[{"start":{"line":48,"column":46},"end":{"line":48,"column":50}},{"start":{"line":48,"column":50},"end":{"line":48,"column":53}}]},"6":{"loc":{"start":{"line":48,"column":24},"end":{"line":48,"column":50}},"type":"binary-expr","locations":[{"start":{"line":48,"column":24},"end":{"line":48,"column":50}},{"start":{"line":48,"column":46},"end":{"line":48,"column":50}}]},"7":{"loc":{"start":{"line":52,"column":12},"end":{"line":58,"column":null}},"type":"if","locations":[{"start":{"line":52,"column":12},"end":{"line":58,"column":null}},{"start":{"line":56,"column":19},"end":{"line":58,"column":null}}]},"8":{"loc":{"start":{"line":52,"column":16},"end":{"line":52,"column":76}},"type":"binary-expr","locations":[{"start":{"line":52,"column":16},"end":{"line":52,"column":36}},{"start":{"line":52,"column":40},"end":{"line":52,"column":76}}]},"9":{"loc":{"start":{"line":53,"column":14},"end":{"line":55,"column":null}},"type":"if","locations":[{"start":{"line":53,"column":14},"end":{"line":55,"column":null}}]},"10":{"loc":{"start":{"line":56,"column":19},"end":{"line":58,"column":null}},"type":"if","locations":[{"start":{"line":56,"column":19},"end":{"line":58,"column":null}}]},"11":{"loc":{"start":{"line":64,"column":6},"end":{"line":68,"column":null}},"type":"if","locations":[{"start":{"line":64,"column":6},"end":{"line":68,"column":null}},{"start":{"line":66,"column":13},"end":{"line":68,"column":null}}]},"12":{"loc":{"start":{"line":66,"column":13},"end":{"line":68,"column":null}},"type":"if","locations":[{"start":{"line":66,"column":13},"end":{"line":68,"column":null}}]},"13":{"loc":{"start":{"line":69,"column":11},"end":{"line":80,"column":null}},"type":"if","locations":[{"start":{"line":69,"column":11},"end":{"line":80,"column":null}}]},"14":{"loc":{"start":{"line":70,"column":21},"end":{"line":70,"column":93}},"type":"cond-expr","locations":[{"start":{"line":70,"column":43},"end":{"line":70,"column":86}},{"start":{"line":70,"column":89},"end":{"line":70,"column":93}}]},"15":{"loc":{"start":{"line":71,"column":6},"end":{"line":71,"column":26}},"type":"if","locations":[{"start":{"line":71,"column":6},"end":{"line":71,"column":26}}]},"16":{"loc":{"start":{"line":74,"column":8},"end":{"line":78,"column":null}},"type":"if","locations":[{"start":{"line":74,"column":8},"end":{"line":78,"column":null}},{"start":{"line":76,"column":15},"end":{"line":78,"column":null}}]},"17":{"loc":{"start":{"line":84,"column":4},"end":{"line":84,"column":36}},"type":"if","locations":[{"start":{"line":84,"column":4},"end":{"line":84,"column":36}}]},"18":{"loc":{"start":{"line":97,"column":8},"end":{"line":97,"column":122}},"type":"binary-expr","locations":[{"start":{"line":97,"column":8},"end":{"line":97,"column":41}},{"start":{"line":97,"column":45},"end":{"line":97,"column":122}}]}},"s":{"0":4,"1":4,"2":1,"3":1,"4":1,"5":1,"6":1,"7":0,"8":1,"9":0,"10":0,"11":0,"12":0,"13":0,"14":0,"15":0,"16":0,"17":0,"18":0,"19":0,"20":0,"21":0,"22":0,"23":0,"24":0,"25":0,"26":0,"27":0,"28":0,"29":0,"30":0,"31":0,"32":0,"33":0,"34":0,"35":1,"36":0,"37":1,"38":1,"39":1,"40":1,"41":1,"42":0,"43":0,"44":0,"45":4,"46":11,"47":1,"48":1,"49":1,"50":0,"51":0,"52":4},"f":{"0":1,"1":0,"2":0,"3":0,"4":0,"5":1,"6":1,"7":0,"8":0,"9":11,"10":1,"11":0,"12":0},"b":{"0":[0,1],"1":[0],"2":[0,0],"3":[0,0],"4":[0],"5":[0,0],"6":[0,0],"7":[0,0],"8":[0,0],"9":[0],"10":[0],"11":[0,0],"12":[0],"13":[0],"14":[0,0],"15":[0],"16":[0,0],"17":[0],"18":[0,0]}}
}
