TN:
SF:src\animations.ts
FN:7,(anonymous_0)
FN:17,(anonymous_1)
FN:18,(anonymous_2)
FN:32,(anonymous_3)
FN:53,(anonymous_4)
FN:73,(anonymous_5)
FN:93,getKeySplines
FN:110,createAnimation
FN:139,releaseAnimation
FNF:9
FNH:5
FNDA:5,(anonymous_0)
FNDA:0,(anonymous_1)
FNDA:0,(anonymous_2)
FNDA:2,(anonymous_3)
FNDA:1,(anonymous_4)
FNDA:0,(anonymous_5)
FNDA:0,getKeySplines
FNDA:8,createAnimation
FNDA:1,releaseAnimation
DA:1,5
DA:4,5
DA:6,5
DA:8,5
DA:16,5
DA:17,0
DA:18,0
DA:20,5
DA:21,0
DA:23,5
DA:24,5
DA:27,5
DA:31,5
DA:33,2
DA:42,2
DA:43,0
DA:45,2
DA:46,2
DA:48,2
DA:52,5
DA:54,1
DA:55,0
DA:58,1
DA:67,1
DA:68,1
DA:72,5
DA:74,0
DA:83,0
DA:84,0
DA:86,0
DA:87,0
DA:89,0
DA:94,0
DA:95,0
DA:97,0
DA:99,0
DA:101,0
DA:103,0
DA:106,0
DA:110,5
DA:112,8
DA:113,0
DA:114,0
DA:115,0
DA:117,8
DA:118,0
DA:119,8
DA:120,2
DA:122,6
DA:123,6
DA:124,1
DA:126,5
DA:127,0
DA:129,5
DA:130,0
DA:132,5
DA:136,8
DA:139,5
DA:140,1
DA:141,1
DA:142,1
LF:61
LH:37
BRDA:11,0,0,5
BRDA:11,0,1,5
BRDA:12,1,0,5
BRDA:12,1,1,0
BRDA:13,2,0,5
BRDA:13,2,1,0
BRDA:16,3,0,0
BRDA:16,3,1,5
BRDA:16,4,0,5
BRDA:16,4,1,0
BRDA:20,5,0,0
BRDA:20,6,0,5
BRDA:20,6,1,5
BRDA:37,7,0,2
BRDA:37,7,1,2
BRDA:38,8,0,2
BRDA:38,8,1,0
BRDA:39,9,0,2
BRDA:39,9,1,0
BRDA:42,10,0,0
BRDA:42,11,0,2
BRDA:42,11,1,2
BRDA:45,12,0,0
BRDA:45,12,1,2
BRDA:46,13,0,0
BRDA:46,13,1,2
BRDA:54,14,0,0
BRDA:60,15,0,1
BRDA:60,15,1,1
BRDA:61,16,0,1
BRDA:61,16,1,0
BRDA:62,17,0,1
BRDA:62,17,1,0
BRDA:63,18,0,1
BRDA:63,18,1,0
BRDA:64,19,0,1
BRDA:64,19,1,0
BRDA:64,20,0,0
BRDA:64,20,1,0
BRDA:78,21,0,0
BRDA:78,21,1,0
BRDA:79,22,0,0
BRDA:79,22,1,0
BRDA:80,23,0,0
BRDA:80,23,1,0
BRDA:83,24,0,0
BRDA:83,25,0,0
BRDA:83,25,1,0
BRDA:94,26,0,0
BRDA:95,27,0,0
BRDA:95,27,1,0
BRDA:95,27,2,0
BRDA:95,27,3,0
BRDA:95,27,4,0
BRDA:95,27,5,0
BRDA:112,28,0,0
BRDA:112,28,1,8
BRDA:117,29,0,0
BRDA:117,29,1,8
BRDA:119,30,0,2
BRDA:119,30,1,6
BRDA:123,31,0,1
BRDA:123,31,1,5
BRDA:126,32,0,0
BRDA:129,33,0,0
BRF:65
BRH:28
end_of_record
TN:
SF:src\elements.ts
FN:44,(anonymous_0)
FN:5,(anonymous_1)
FN:9,(anonymous_2)
FN:15,(anonymous_3)
FN:19,(anonymous_4)
FN:25,(anonymous_5)
FN:29,(anonymous_6)
FN:35,(anonymous_7)
FN:39,(anonymous_8)
FNF:9
FNH:4
FNDA:0,(anonymous_0)
FNDA:8,(anonymous_1)
FNDA:0,(anonymous_2)
FNDA:3,(anonymous_3)
FNDA:0,(anonymous_4)
FNDA:2,(anonymous_5)
FNDA:0,(anonymous_6)
FNDA:2,(anonymous_7)
FNDA:0,(anonymous_8)
DA:1,5
DA:4,5
DA:6,8
DA:10,0
DA:14,5
DA:16,3
DA:20,0
DA:24,5
DA:26,2
DA:30,0
DA:34,5
DA:36,2
DA:40,0
DA:44,5
LF:14
LH:10
BRF:0
BRH:0
end_of_record
TN:
SF:src\index.ts
FN:1,(anonymous_0)
FN:2,(anonymous_1)
FN:3,(anonymous_2)
FN:3,(anonymous_3)
FN:3,(anonymous_4)
FN:3,(anonymous_5)
FN:4,(anonymous_6)
FN:4,(anonymous_7)
FN:4,(anonymous_8)
FN:6,(anonymous_9)
FN:7,(anonymous_10)
FN:7,(anonymous_11)
FNF:12
FNH:3
FNDA:13,(anonymous_0)
FNDA:4,(anonymous_1)
FNDA:0,(anonymous_2)
FNDA:0,(anonymous_3)
FNDA:0,(anonymous_4)
FNDA:0,(anonymous_5)
FNDA:0,(anonymous_6)
FNDA:0,(anonymous_7)
FNDA:0,(anonymous_8)
FNDA:2,(anonymous_9)
FNDA:0,(anonymous_10)
FNDA:0,(anonymous_11)
DA:1,18
DA:2,9
DA:3,5
DA:4,5
DA:6,7
DA:7,5
LF:6
LH:6
BRF:0
BRH:0
end_of_record
TN:
SF:src\react-adapter.ts
FN:6,useSvgAnimation
FN:17,(anonymous_1)
FN:23,(anonymous_2)
FN:43,(anonymous_3)
FN:54,(anonymous_4)
FNF:5
FNH:3
FNDA:2,useSvgAnimation
FNDA:2,(anonymous_1)
FNDA:0,(anonymous_2)
FNDA:0,(anonymous_3)
FNDA:2,(anonymous_4)
DA:1,5
DA:2,5
DA:6,5
DA:15,2
DA:17,2
DA:18,2
DA:20,0
DA:23,0
DA:25,0
DA:27,0
DA:28,0
DA:30,0
DA:31,0
DA:33,0
DA:34,0
DA:36,0
DA:37,0
DA:39,0
DA:42,0
DA:43,0
DA:44,0
DA:50,0
DA:51,0
DA:54,2
DA:56,2
DA:57,0
DA:62,2
LF:27
LH:9
BRDA:18,0,0,0
BRDA:25,1,0,0
BRDA:25,1,1,0
BRDA:25,1,2,0
BRDA:25,1,3,0
BRDA:25,1,4,0
BRDA:42,2,0,0
BRDA:56,3,0,0
BRF:8
BRH:0
end_of_record
TN:
SF:src\svg-element.ts
FN:9,(anonymous_0)
FN:19,(anonymous_1)
FN:23,(anonymous_2)
FN:27,(anonymous_3)
FN:31,(anonymous_4)
FN:39,(anonymous_5)
FN:50,(anonymous_6)
FN:54,(anonymous_7)
FN:56,(anonymous_8)
FN:57,(anonymous_9)
FN:59,(anonymous_10)
FN:63,(anonymous_11)
FN:67,(anonymous_12)
FN:74,(anonymous_13)
FN:81,(anonymous_14)
FN:85,(anonymous_15)
FN:89,(anonymous_16)
FN:96,(anonymous_17)
FN:100,(anonymous_18)
FN:104,(anonymous_19)
FNF:20
FNH:11
FNDA:37,(anonymous_0)
FNDA:1,(anonymous_1)
FNDA:0,(anonymous_2)
FNDA:5,(anonymous_3)
FNDA:24,(anonymous_4)
FNDA:1,(anonymous_5)
FNDA:0,(anonymous_6)
FNDA:28,(anonymous_7)
FNDA:91,(anonymous_8)
FNDA:91,(anonymous_9)
FNDA:19,(anonymous_10)
FNDA:0,(anonymous_11)
FNDA:0,(anonymous_12)
FNDA:0,(anonymous_13)
FNDA:0,(anonymous_14)
FNDA:0,(anonymous_15)
FNDA:0,(anonymous_16)
FNDA:1,(anonymous_17)
FNDA:0,(anonymous_18)
FNDA:1,(anonymous_19)
DA:3,5
DA:6,37
DA:7,37
DA:10,37
DA:11,37
DA:12,37
DA:13,116
DA:14,116
DA:20,1
DA:24,0
DA:28,5
DA:32,24
DA:33,24
DA:34,0
DA:36,24
DA:40,1
DA:41,1
DA:42,1
DA:43,1
DA:44,0
DA:47,1
DA:51,0
DA:55,28
DA:56,91
DA:57,91
DA:59,28
DA:60,28
DA:64,0
DA:68,0
DA:69,0
DA:70,0
DA:71,0
DA:74,0
DA:75,0
DA:76,0
DA:82,0
DA:86,0
DA:90,0
DA:91,0
DA:92,0
DA:97,1
DA:98,1
DA:99,0
DA:100,0
DA:105,1
DA:106,1
DA:107,0
DA:108,0
LF:48
LH:27
BRDA:9,0,0,0
BRDA:13,1,0,116
BRDA:14,2,0,70
BRDA:14,2,1,46
BRDA:33,3,0,0
BRDA:33,4,0,24
BRDA:33,4,1,0
BRDA:41,5,0,1
BRDA:43,6,0,0
BRDA:43,7,0,1
BRDA:43,7,1,0
BRDA:70,8,0,0
BRDA:75,9,0,0
BRDA:91,10,0,0
BRDA:98,11,0,0
BRDA:100,12,0,0
BRDA:100,12,1,0
BRDA:100,13,0,0
BRDA:100,13,1,0
BRDA:106,14,0,0
BRF:20
BRH:6
end_of_record
TN:
SF:src\svg.ts
FN:10,(anonymous_0)
FN:15,(anonymous_1)
FN:21,(anonymous_2)
FN:27,(anonymous_3)
FN:33,(anonymous_4)
FN:39,(anonymous_5)
FN:45,(anonymous_6)
FN:51,(anonymous_7)
FN:55,(anonymous_8)
FN:59,(anonymous_9)
FN:61,(anonymous_10)
FN:66,(anonymous_11)
FNF:12
FNH:6
FNDA:13,(anonymous_0)
FNDA:8,(anonymous_1)
FNDA:3,(anonymous_2)
FNDA:2,(anonymous_3)
FNDA:2,(anonymous_4)
FNDA:0,(anonymous_5)
FNDA:4,(anonymous_6)
FNDA:0,(anonymous_7)
FNDA:0,(anonymous_8)
FNDA:0,(anonymous_9)
FNDA:0,(anonymous_10)
FNDA:0,(anonymous_11)
DA:1,5
DA:2,5
DA:4,5
DA:5,5
DA:7,5
DA:11,13
DA:12,13
DA:16,8
DA:17,8
DA:18,8
DA:22,3
DA:23,3
DA:24,3
DA:28,2
DA:29,2
DA:30,2
DA:34,2
DA:35,2
DA:36,2
DA:40,0
DA:41,0
DA:42,0
DA:46,4
DA:47,4
DA:48,4
DA:52,0
DA:56,0
DA:60,0
DA:61,0
DA:62,0
DA:63,0
DA:64,0
DA:65,0
DA:66,0
DA:67,0
DA:68,0
DA:69,0
LF:37
LH:22
BRDA:62,0,0,0
BRDA:62,1,0,0
BRDA:62,1,1,0
BRDA:68,2,0,0
BRF:4
BRH:0
end_of_record
TN:
SF:src\timeline.ts
FN:27,(anonymous_0)
FN:39,(anonymous_1)
FN:41,(anonymous_2)
FN:43,(anonymous_3)
FN:47,(anonymous_4)
FN:50,(anonymous_5)
FN:58,(anonymous_6)
FN:67,(anonymous_7)
FN:77,(anonymous_8)
FN:82,(anonymous_9)
FN:88,(anonymous_10)
FN:99,(anonymous_11)
FN:111,(anonymous_12)
FN:128,(anonymous_13)
FN:129,(anonymous_14)
FN:148,(anonymous_15)
FN:156,(anonymous_16)
FN:161,(anonymous_17)
FN:168,(anonymous_18)
FN:177,(anonymous_19)
FN:187,(anonymous_20)
FN:192,(anonymous_21)
FN:193,(anonymous_22)
FN:203,(anonymous_23)
FN:205,(anonymous_24)
FN:207,(anonymous_25)
FN:216,(anonymous_26)
FN:218,(anonymous_27)
FN:225,(anonymous_28)
FN:228,(anonymous_29)
FN:234,(anonymous_30)
FN:235,(anonymous_31)
FN:238,(anonymous_32)
FN:239,(anonymous_33)
FNF:34
FNH:11
FNDA:4,(anonymous_0)
FNDA:0,(anonymous_1)
FNDA:0,(anonymous_2)
FNDA:0,(anonymous_3)
FNDA:0,(anonymous_4)
FNDA:0,(anonymous_5)
FNDA:0,(anonymous_6)
FNDA:0,(anonymous_7)
FNDA:0,(anonymous_8)
FNDA:0,(anonymous_9)
FNDA:0,(anonymous_10)
FNDA:0,(anonymous_11)
FNDA:0,(anonymous_12)
FNDA:0,(anonymous_13)
FNDA:0,(anonymous_14)
FNDA:0,(anonymous_15)
FNDA:0,(anonymous_16)
FNDA:0,(anonymous_17)
FNDA:0,(anonymous_18)
FNDA:0,(anonymous_19)
FNDA:5,(anonymous_20)
FNDA:4,(anonymous_21)
FNDA:4,(anonymous_22)
FNDA:1,(anonymous_23)
FNDA:1,(anonymous_24)
FNDA:1,(anonymous_25)
FNDA:0,(anonymous_26)
FNDA:0,(anonymous_27)
FNDA:15,(anonymous_28)
FNDA:3,(anonymous_29)
FNDA:1,(anonymous_30)
FNDA:1,(anonymous_31)
FNDA:0,(anonymous_32)
FNDA:0,(anonymous_33)
DA:1,5
DA:3,5
DA:19,5
DA:23,4
DA:24,4
DA:25,4
DA:28,4
DA:29,4
DA:30,4
DA:32,4
DA:33,0
DA:35,4
DA:40,0
DA:41,0
DA:42,0
DA:43,0
DA:48,0
DA:50,0
DA:51,0
DA:53,0
DA:54,0
DA:55,0
DA:58,0
DA:59,0
DA:60,0
DA:63,0
DA:64,0
DA:65,0
DA:67,0
DA:68,0
DA:69,0
DA:70,0
DA:71,0
DA:72,0
DA:73,0
DA:77,0
DA:78,0
DA:79,0
DA:80,0
DA:81,0
DA:82,0
DA:83,0
DA:84,0
DA:88,0
DA:89,0
DA:90,0
DA:91,0
DA:95,0
DA:96,0
DA:97,0
DA:98,0
DA:99,0
DA:100,0
DA:101,0
DA:103,0
DA:106,0
DA:107,0
DA:108,0
DA:109,0
DA:111,0
DA:112,0
DA:113,0
DA:114,0
DA:115,0
DA:117,0
DA:121,0
DA:122,0
DA:123,0
DA:124,0
DA:126,0
DA:127,0
DA:129,0
DA:130,0
DA:131,0
DA:132,0
DA:134,0
DA:135,0
DA:142,0
DA:143,0
DA:144,0
DA:145,0
DA:147,0
DA:148,0
DA:149,0
DA:150,0
DA:152,0
DA:155,0
DA:156,0
DA:157,0
DA:158,0
DA:161,0
DA:162,0
DA:163,0
DA:166,0
DA:167,0
DA:168,0
DA:169,0
DA:170,0
DA:173,0
DA:174,0
DA:175,0
DA:177,0
DA:178,0
DA:179,0
DA:181,0
DA:188,5
DA:190,4
DA:191,4
DA:192,4
DA:193,4
DA:194,4
DA:195,4
DA:197,4
DA:198,4
DA:204,1
DA:205,1
DA:206,1
DA:207,1
DA:208,1
DA:209,1
DA:210,1
DA:217,0
DA:218,0
DA:219,0
DA:221,0
DA:225,5
DA:226,15
DA:229,3
DA:230,3
DA:231,3
DA:235,1
DA:239,0
DA:240,0
LF:133
LH:33
BRDA:28,0,0,4
BRDA:28,0,1,0
BRDA:32,1,0,0
BRDA:32,1,1,4
BRDA:42,2,0,0
BRDA:48,3,0,0
BRDA:51,4,0,0
BRDA:51,4,1,0
BRDA:53,5,0,0
BRDA:63,6,0,0
BRDA:63,6,1,0
BRDA:72,7,0,0
BRDA:78,8,0,0
BRDA:83,9,0,0
BRDA:83,9,1,0
BRDA:90,10,0,0
BRDA:98,11,0,0
BRDA:98,11,1,0
BRDA:100,12,0,0
BRDA:100,12,1,0
BRDA:107,13,0,0
BRDA:107,13,1,0
BRDA:109,14,0,0
BRDA:113,15,0,0
BRDA:114,16,0,0
BRDA:114,16,1,0
BRDA:122,17,0,0
BRDA:122,17,1,0
BRDA:123,18,0,0
BRDA:123,18,1,0
BRDA:124,19,0,0
BRDA:126,20,0,0
BRDA:126,20,1,0
BRDA:126,21,0,0
BRDA:126,21,1,0
BRDA:130,22,0,0
BRDA:130,22,1,0
BRDA:130,23,0,0
BRDA:130,23,1,0
BRDA:131,24,0,0
BRDA:134,25,0,0
BRDA:142,26,0,0
BRDA:142,26,1,0
BRDA:144,27,0,0
BRDA:147,28,0,0
BRDA:147,28,1,0
BRDA:149,29,0,0
BRDA:149,29,1,0
BRDA:155,30,0,0
BRDA:155,30,1,0
BRDA:157,31,0,0
BRDA:162,32,0,0
BRDA:166,33,0,0
BRDA:166,33,1,0
BRDA:167,34,0,0
BRDA:167,34,1,0
BRDA:167,35,0,0
BRDA:167,35,1,0
BRDA:169,36,0,0
BRDA:173,37,0,0
BRDA:175,38,0,0
BRDA:178,39,0,0
BRDA:178,39,1,0
BRDA:188,40,0,1
BRDA:194,41,0,4
BRDA:194,42,0,4
BRDA:194,42,1,4
BRDA:194,42,2,4
BRDA:208,43,0,1
BRDA:208,44,0,1
BRDA:208,44,1,1
BRF:71
BRH:10
end_of_record
