TN:
SF:src\animations.ts
FN:5,(anonymous_0)
FN:16,(anonymous_1)
FN:17,(anonymous_2)
FN:31,(anonymous_3)
FN:42,(anonymous_4)
FN:43,(anonymous_5)
FN:57,(anonymous_6)
FN:77,getKeySplines
FN:93,createAnimation
FNF:9
FNH:4
FNDA:3,(anonymous_0)
FNDA:0,(anonymous_1)
FNDA:0,(anonymous_2)
FNDA:2,(anonymous_3)
FNDA:0,(anonymous_4)
FNDA:0,(anonymous_5)
FNDA:1,(anonymous_6)
FNDA:0,getKeySplines
FNDA:6,createAnimation
DA:1,4
DA:4,4
DA:6,3
DA:15,3
DA:16,0
DA:17,0
DA:19,3
DA:20,0
DA:22,3
DA:23,3
DA:26,3
DA:30,4
DA:32,2
DA:41,2
DA:42,0
DA:43,0
DA:45,2
DA:46,0
DA:48,2
DA:49,2
DA:52,2
DA:56,4
DA:58,1
DA:59,0
DA:62,1
DA:72,1
DA:73,1
DA:78,0
DA:80,0
DA:82,0
DA:84,0
DA:86,0
DA:89,0
DA:93,4
DA:95,6
DA:96,0
DA:98,6
DA:99,0
DA:103,6
DA:104,1
DA:106,5
DA:107,2
DA:109,3
LF:43
LH:28
BRDA:9,0,0,3
BRDA:9,0,1,2
BRDA:10,1,0,3
BRDA:10,1,1,0
BRDA:11,2,0,3
BRDA:11,2,1,0
BRDA:15,3,0,0
BRDA:15,3,1,3
BRDA:15,4,0,3
BRDA:15,4,1,0
BRDA:19,5,0,0
BRDA:19,6,0,3
BRDA:19,6,1,3
BRDA:34,7,0,2
BRDA:34,7,1,0
BRDA:34,8,0,2
BRDA:34,8,1,2
BRDA:36,9,0,2
BRDA:36,9,1,2
BRDA:37,10,0,2
BRDA:37,10,1,0
BRDA:38,11,0,2
BRDA:38,11,1,0
BRDA:41,12,0,0
BRDA:41,12,1,2
BRDA:41,13,0,2
BRDA:41,13,1,0
BRDA:45,14,0,0
BRDA:45,15,0,2
BRDA:45,15,1,2
BRDA:58,16,0,0
BRDA:64,17,0,1
BRDA:64,17,1,1
BRDA:65,18,0,1
BRDA:65,18,1,0
BRDA:66,19,0,1
BRDA:66,19,1,0
BRDA:67,20,0,1
BRDA:67,20,1,0
BRDA:68,21,0,1
BRDA:68,21,1,0
BRDA:68,22,0,0
BRDA:68,22,1,0
BRDA:78,23,0,0
BRDA:78,23,1,0
BRDA:78,23,2,0
BRDA:78,23,3,0
BRDA:78,23,4,0
BRDA:78,23,5,0
BRDA:95,24,0,0
BRDA:95,25,0,6
BRDA:95,25,1,5
BRDA:98,26,0,0
BRDA:103,27,0,1
BRDA:106,28,0,2
BRF:55
BRH:29
end_of_record
TN:
SF:src\elements.ts
FN:44,(anonymous_0)
FN:5,(anonymous_1)
FN:9,(anonymous_2)
FN:15,(anonymous_3)
FN:19,(anonymous_4)
FN:25,(anonymous_5)
FN:29,(anonymous_6)
FN:35,(anonymous_7)
FN:39,(anonymous_8)
FNF:9
FNH:5
FNDA:4,(anonymous_0)
FNDA:8,(anonymous_1)
FNDA:0,(anonymous_2)
FNDA:3,(anonymous_3)
FNDA:0,(anonymous_4)
FNDA:1,(anonymous_5)
FNDA:0,(anonymous_6)
FNDA:1,(anonymous_7)
FNDA:0,(anonymous_8)
DA:1,4
DA:4,4
DA:6,8
DA:10,0
DA:14,4
DA:16,3
DA:20,0
DA:24,4
DA:26,1
DA:30,0
DA:34,4
DA:36,1
DA:40,0
DA:44,8
LF:14
LH:10
BRF:0
BRH:0
end_of_record
TN:
SF:src\index.ts
FN:1,(anonymous_0)
FN:2,(anonymous_1)
FN:3,(anonymous_2)
FN:3,(anonymous_3)
FN:3,(anonymous_4)
FN:3,(anonymous_5)
FN:4,(anonymous_6)
FN:4,(anonymous_7)
FN:4,(anonymous_8)
FN:6,(anonymous_9)
FN:7,(anonymous_10)
FN:7,(anonymous_11)
FNF:12
FNH:2
FNDA:11,(anonymous_0)
FNDA:4,(anonymous_1)
FNDA:0,(anonymous_2)
FNDA:0,(anonymous_3)
FNDA:0,(anonymous_4)
FNDA:0,(anonymous_5)
FNDA:0,(anonymous_6)
FNDA:0,(anonymous_7)
FNDA:0,(anonymous_8)
FNDA:0,(anonymous_9)
FNDA:0,(anonymous_10)
FNDA:0,(anonymous_11)
DA:1,15
DA:2,8
DA:3,4
DA:4,4
DA:6,4
DA:7,4
LF:6
LH:6
BRF:0
BRH:0
end_of_record
TN:
SF:src\react-adapter.ts
FN:6,useSvgAnimation
FN:17,(anonymous_1)
FN:23,(anonymous_2)
FN:43,(anonymous_3)
FN:54,(anonymous_4)
FNF:5
FNH:0
FNDA:0,useSvgAnimation
FNDA:0,(anonymous_1)
FNDA:0,(anonymous_2)
FNDA:0,(anonymous_3)
FNDA:0,(anonymous_4)
DA:1,4
DA:2,4
DA:6,4
DA:15,0
DA:17,0
DA:18,0
DA:20,0
DA:23,0
DA:25,0
DA:27,0
DA:28,0
DA:30,0
DA:31,0
DA:33,0
DA:34,0
DA:36,0
DA:37,0
DA:39,0
DA:42,0
DA:43,0
DA:44,0
DA:50,0
DA:51,0
DA:54,0
DA:56,0
DA:57,0
DA:62,0
LF:27
LH:3
BRDA:18,0,0,0
BRDA:25,1,0,0
BRDA:25,1,1,0
BRDA:25,1,2,0
BRDA:25,1,3,0
BRDA:25,1,4,0
BRDA:42,2,0,0
BRDA:56,3,0,0
BRF:8
BRH:0
end_of_record
TN:
SF:src\svg-element.ts
FN:8,(anonymous_0)
FN:11,(anonymous_1)
FN:14,(anonymous_2)
FN:17,(anonymous_3)
FN:27,(anonymous_4)
FN:32,(anonymous_5)
FN:40,(anonymous_6)
FN:44,(anonymous_7)
FN:46,(anonymous_8)
FN:47,(anonymous_9)
FN:49,(anonymous_10)
FNF:11
FNH:7
FNDA:0,(anonymous_0)
FNDA:0,(anonymous_1)
FNDA:4,(anonymous_2)
FNDA:31,(anonymous_3)
FNDA:20,(anonymous_4)
FNDA:0,(anonymous_5)
FNDA:0,(anonymous_6)
FNDA:23,(anonymous_7)
FNDA:76,(anonymous_8)
FNDA:76,(anonymous_9)
FNDA:16,(anonymous_10)
DA:3,4
DA:6,31
DA:9,0
DA:12,0
DA:15,4
DA:18,31
DA:19,31
DA:20,31
DA:21,96
DA:22,96
DA:28,20
DA:29,20
DA:33,0
DA:34,0
DA:35,0
DA:37,0
DA:41,0
DA:45,23
DA:46,76
DA:47,76
DA:49,23
DA:50,23
LF:22
LH:15
BRDA:17,0,0,0
BRDA:21,1,0,96
BRDA:22,2,0,62
BRDA:22,2,1,34
BRDA:34,3,0,0
BRF:5
BRH:3
end_of_record
TN:
SF:src\svg.ts
FN:9,(anonymous_0)
FN:14,(anonymous_1)
FN:20,(anonymous_2)
FN:26,(anonymous_3)
FN:32,(anonymous_4)
FN:38,(anonymous_5)
FN:44,(anonymous_6)
FN:50,(anonymous_7)
FN:54,(anonymous_8)
FNF:9
FNH:7
FNDA:11,(anonymous_0)
FNDA:8,(anonymous_1)
FNDA:3,(anonymous_2)
FNDA:1,(anonymous_3)
FNDA:1,(anonymous_4)
FNDA:0,(anonymous_5)
FNDA:5,(anonymous_6)
FNDA:1,(anonymous_7)
FNDA:0,(anonymous_8)
DA:1,4
DA:3,4
DA:4,4
DA:6,4
DA:10,11
DA:11,11
DA:15,8
DA:16,8
DA:17,8
DA:21,3
DA:22,3
DA:23,3
DA:27,1
DA:28,1
DA:29,1
DA:33,1
DA:34,1
DA:35,1
DA:39,0
DA:40,0
DA:41,0
DA:45,5
DA:46,5
DA:47,5
DA:51,1
DA:55,0
LF:26
LH:22
BRF:0
BRH:0
end_of_record
TN:
SF:src\timeline.ts
FN:29,(anonymous_0)
FN:41,(anonymous_1)
FN:50,(anonymous_2)
FN:51,(anonymous_3)
FN:73,(anonymous_4)
FN:83,(anonymous_5)
FN:88,(anonymous_6)
FN:94,(anonymous_7)
FN:96,(anonymous_8)
FN:102,(anonymous_9)
FN:105,(anonymous_10)
FN:111,(anonymous_11)
FN:112,(anonymous_12)
FNF:13
FNH:5
FNDA:1,(anonymous_0)
FNDA:0,(anonymous_1)
FNDA:0,(anonymous_2)
FNDA:0,(anonymous_3)
FNDA:0,(anonymous_4)
FNDA:1,(anonymous_5)
FNDA:1,(anonymous_6)
FNDA:0,(anonymous_7)
FNDA:0,(anonymous_8)
FNDA:11,(anonymous_9)
FNDA:1,(anonymous_10)
FNDA:0,(anonymous_11)
FNDA:0,(anonymous_12)
DA:1,4
DA:3,4
DA:23,4
DA:27,1
DA:30,1
DA:31,1
DA:32,1
DA:34,1
DA:35,0
DA:37,1
DA:42,0
DA:44,0
DA:45,0
DA:46,0
DA:48,0
DA:49,0
DA:51,0
DA:52,0
DA:53,0
DA:54,0
DA:56,0
DA:57,0
DA:64,0
DA:65,0
DA:66,0
DA:67,0
DA:69,0
DA:70,0
DA:71,0
DA:73,0
DA:74,0
DA:75,0
DA:77,0
DA:84,1
DA:86,1
DA:87,1
DA:88,1
DA:89,1
DA:90,1
DA:95,0
DA:96,0
DA:97,0
DA:102,4
DA:103,11
DA:106,1
DA:107,1
DA:108,1
DA:112,0
LF:48
LH:20
BRDA:34,0,0,0
BRDA:34,0,1,1
BRDA:42,1,0,0
BRDA:44,2,0,0
BRDA:44,2,1,0
BRDA:45,3,0,0
BRDA:45,3,1,0
BRDA:46,4,0,0
BRDA:48,5,0,0
BRDA:48,5,1,0
BRDA:48,6,0,0
BRDA:48,6,1,0
BRDA:52,7,0,0
BRDA:52,7,1,0
BRDA:52,8,0,0
BRDA:52,8,1,0
BRDA:53,9,0,0
BRDA:56,10,0,0
BRDA:64,11,0,0
BRDA:64,11,1,0
BRDA:66,12,0,0
BRDA:69,13,0,0
BRDA:70,14,0,0
BRDA:70,14,1,0
BRDA:71,15,0,0
BRDA:74,16,0,0
BRDA:74,16,1,0
BRDA:84,17,0,0
BRDA:97,18,0,0
BRDA:97,18,1,0
BRF:30
BRH:1
end_of_record
